src/App.tsx(62,11): error TS6133: 'session' is declared but its value is never read.
src/App.tsx(63,9): error TS6133: 'settings' is declared but its value is never read.
src/App.tsx(72,9): error TS6133: 'isLoginPage' is declared but its value is never read.
src/components/AssetCard.tsx(1,1): error TS6133: 'React' is declared but its value is never read.
src/components/AssetCard.tsx(2,27): error TS6133: 'props' is declared but its value is never read.
src/components/AssetDataTable.tsx(1,1): error TS6133: 'React' is declared but its value is never read.
src/components/AssetFormDialog.tsx(1,1): error TS6133: 'React' is declared but its value is never read.
src/components/BatchOperationsPanel.tsx(1,8): error TS6133: 'React' is declared but its value is never read.
src/components/BatchOperationsPanel.tsx(16,26): error TS2307: Cannot find module '@/lib/supabase' or its corresponding type declarations.
src/components/buttons/EnhancedButton.tsx(1,1): error TS6133: 'React' is declared but its value is never read.
src/components/cards/ModernAssetCard.tsx(1,1): error TS6133: 'React' is declared but its value is never read.
src/components/cards/ModernAssetCard.tsx(18,33): error TS6133: 'props' is declared but its value is never read.
src/components/cards/ModernAssetCard.tsx(19,34): error TS6133: 'props' is declared but its value is never read.
src/components/cards/ModernAssetCard.tsx(20,35): error TS6133: 'props' is declared but its value is never read.
src/components/ComponentFailureChart.tsx(2,46): error TS2307: Cannot find module '@/components/charts' or its corresponding type declarations.
src/components/ComponentFailureChart.tsx(14,8): error TS2339: Property 'partsUsed' does not exist on type 'WorkOrder'.
src/components/ComponentFailureChart.tsx(14,27): error TS7006: Parameter 'part' implicitly has an 'any' type.
src/components/Cost/CostTracker.tsx(1,1): error TS6133: 'React' is declared but its value is never read.
src/components/DeveloperSuperAdmin.tsx(1,1): error TS6133: 'React' is declared but its value is never read.
src/components/EnhancedAssetDataTable.tsx(1,1): error TS6133: 'React' is declared but its value is never read.
src/components/EnhancedWorkOrderDataTable.tsx(1,1): error TS6133: 'React' is declared but its value is never read.
src/components/error/ComprehensiveErrorProvider.tsx(36,3): error TS6133: 'enableGlobalErrorHandling' is declared but its value is never read.
src/components/error/ComprehensiveErrorProvider.tsx(37,3): error TS6133: 'enablePerformanceMonitoring' is declared but its value is never read.
src/components/error/ComprehensiveErrorProvider.tsx(39,3): error TS6133: 'enableErrorDashboard' is declared but its value is never read.
src/components/error/ComprehensiveErrorProvider.tsx(40,3): error TS6133: 'maxRetries' is declared but its value is never read.
src/components/error/ErrorBoundary.tsx(1,8): error TS6133: 'React' is declared but its value is never read.
src/components/error/ErrorBoundary.tsx(226,30): error TS2322: Type '{ children: Element; size: "sm"; py: string; }' is not assignable to type 'IntrinsicAttributes & ContainerProps'.
  Property 'py' does not exist on type 'IntrinsicAttributes & ContainerProps'.
src/components/error/ErrorBoundary.tsx(227,29): error TS2322: Type '{ children: Element; shadow: "md"; padding: string; radius: "md"; }' is not assignable to type 'IntrinsicAttributes & CardProps'.
  Property 'padding' does not exist on type 'IntrinsicAttributes & CardProps'.
src/components/error/ErrorBoundary.tsx(229,20): error TS2322: Type '{ children: Element; c: string; }' is not assignable to type 'IntrinsicAttributes & BoxProps'.
  Property 'c' does not exist on type 'IntrinsicAttributes & BoxProps'.
src/components/error/ErrorBoundary.tsx(243,42): error TS2322: Type 'string' is not assignable to type '"blue" | "gray" | "green" | "orange" | "red" | "yellow" | "primary" | undefined'.
src/components/error/ErrorBoundary.tsx(253,21): error TS2322: Type '{ children: string; onClick: () => void; leftSection: Element; size: "lg"; }' is not assignable to type 'IntrinsicAttributes & ButtonProps'.
  Property 'leftSection' does not exist on type 'IntrinsicAttributes & ButtonProps'.
src/components/error/ErrorBoundary.tsx(263,19): error TS2322: Type '{ children: string; onClick: () => void; variant: "outline"; leftSection: Element; size: "lg"; }' is not assignable to type 'IntrinsicAttributes & ButtonProps'.
  Property 'leftSection' does not exist on type 'IntrinsicAttributes & ButtonProps'.
src/components/error/ErrorBoundary.tsx(293,23): error TS2322: Type 'Element' is not assignable to type 'string'.
src/components/error/ErrorBoundary.tsx(303,54): error TS2322: Type '{ children: string; size: "sm"; fw: number; mt: string; }' is not assignable to type 'IntrinsicAttributes & TextProps'.
  Property 'mt' does not exist on type 'IntrinsicAttributes & TextProps'.
src/components/error/ErrorBoundary.tsx(332,11): error TS2322: Type 'string' is not assignable to type '"blue" | "green" | "orange" | "red" | "yellow" | "primary" | undefined'.
src/components/error/ErrorBoundary.tsx(334,11): error TS2322: Type 'Element' is not assignable to type 'string'.
src/components/error/ErrorBoundary.tsx(345,19): error TS2322: Type 'string' is not assignable to type '"blue" | "gray" | "green" | "red" | "yellow" | "primary" | undefined'.
src/components/error/ErrorBoundary.tsx(354,40): error TS2322: Type 'string' is not assignable to type '"blue" | "gray" | "green" | "orange" | "red" | "yellow" | "primary" | undefined'.
src/components/error/ErrorBoundary.tsx(367,9): error TS2322: Type 'string' is not assignable to type '"blue" | "green" | "orange" | "red" | "yellow" | "primary" | undefined'.
src/components/error/ErrorBoundary.tsx(368,9): error TS2322: Type 'Element' is not assignable to type 'string'.
src/components/error/ErrorBoundary.tsx(371,16): error TS2322: Type '"space-between"' is not assignable to type '"start" | "center" | "end" | "between" | "around" | undefined'.
src/components/error/ErrorBoundary.tsx(378,15): error TS2322: Type 'string' is not assignable to type '"blue" | "gray" | "green" | "red" | "primary" | undefined'.
src/components/error/ErrorFallback.tsx(128,28): error TS2322: Type '{ children: Element; size: "sm"; py: string; }' is not assignable to type 'IntrinsicAttributes & ContainerProps'.
  Property 'py' does not exist on type 'IntrinsicAttributes & ContainerProps'.
src/components/error/ErrorFallback.tsx(129,27): error TS2322: Type '{ children: Element; shadow: "md"; padding: string; radius: "md"; }' is not assignable to type 'IntrinsicAttributes & CardProps'.
  Property 'padding' does not exist on type 'IntrinsicAttributes & CardProps'.
src/components/error/ErrorFallback.tsx(131,18): error TS2322: Type '{ children: Element; c: string; }' is not assignable to type 'IntrinsicAttributes & BoxProps'.
  Property 'c' does not exist on type 'IntrinsicAttributes & BoxProps'.
src/components/error/ErrorFallback.tsx(145,40): error TS2322: Type 'string' is not assignable to type '"blue" | "gray" | "green" | "orange" | "red" | "yellow" | "primary" | undefined'.
src/components/error/ErrorFallback.tsx(156,21): error TS2322: Type '{ children: string; onClick: () => void; leftSection: Element; size: "lg"; }' is not assignable to type 'IntrinsicAttributes & ButtonProps'.
  Property 'leftSection' does not exist on type 'IntrinsicAttributes & ButtonProps'.
src/components/error/ErrorFallback.tsx(167,21): error TS2322: Type '{ children: string; onClick: () => void; variant: "outline"; leftSection: Element; size: "lg"; }' is not assignable to type 'IntrinsicAttributes & ButtonProps'.
  Property 'leftSection' does not exist on type 'IntrinsicAttributes & ButtonProps'.
src/components/error/ErrorFallback.tsx(185,9): error TS2322: Type 'string' is not assignable to type '"blue" | "green" | "orange" | "red" | "yellow" | "primary" | undefined'.
src/components/error/ErrorFallback.tsx(187,9): error TS2322: Type 'Element' is not assignable to type 'string'.
src/components/error/ErrorFallback.tsx(199,19): error TS2322: Type 'string' is not assignable to type '"blue" | "gray" | "green" | "red" | "yellow" | "primary" | undefined'.
src/components/error/ErrorFallback.tsx(211,19): error TS2322: Type 'string' is not assignable to type '"blue" | "gray" | "green" | "red" | "yellow" | "primary" | undefined'.
src/components/error/ErrorFallback.tsx(222,40): error TS2322: Type 'string' is not assignable to type '"blue" | "gray" | "green" | "orange" | "red" | "yellow" | "primary" | undefined'.
src/components/error/ErrorFallback.tsx(236,7): error TS2322: Type 'string' is not assignable to type '"blue" | "green" | "orange" | "red" | "yellow" | "primary" | undefined'.
src/components/error/ErrorFallback.tsx(237,7): error TS2322: Type 'Element' is not assignable to type 'string'.
src/components/error/ErrorFallback.tsx(240,14): error TS2322: Type '"space-between"' is not assignable to type '"start" | "center" | "end" | "between" | "around" | undefined'.
src/components/error/ErrorFallback.tsx(248,15): error TS2322: Type 'string' is not assignable to type '"blue" | "gray" | "green" | "red" | "primary" | undefined'.
src/components/error/ErrorFallback.tsx(283,13): error TS2322: Type '{ children: string; variant: "light"; size: "sm"; onClick: (() => void) | undefined; leftSection: Element; }' is not assignable to type 'IntrinsicAttributes & ButtonProps'.
  Property 'leftSection' does not exist on type 'IntrinsicAttributes & ButtonProps'.
src/components/error/ErrorFallback.tsx(295,7): error TS2322: Type 'Element' is not assignable to type 'string'.
src/components/error/ErrorFallback.tsx(297,14): error TS2322: Type '"space-between"' is not assignable to type '"start" | "center" | "end" | "between" | "around" | undefined'.
src/components/error/ErrorFallback.tsx(326,7): error TS2322: Type 'Element' is not assignable to type 'string'.
src/components/error/ErrorFallback.tsx(340,13): error TS2322: Type '"orange"' is not assignable to type '"blue" | "gray" | "green" | "red" | "yellow" | "primary" | undefined'.
src/components/error/ErrorReporting.tsx(1,8): error TS6133: 'React' is declared but its value is never read.
src/components/error/ErrorReporting.tsx(11,3): error TS6133: 'Title' is declared but its value is never read.
src/components/error/ErrorReporting.tsx(122,11): error TS2322: Type 'Element' is not assignable to type 'string'.
src/components/error/ErrorReporting.tsx(213,16): error TS2322: Type '"flex-end"' is not assignable to type '"start" | "center" | "end" | "between" | "around" | undefined'.
src/components/error/ErrorReporting.tsx(220,13): error TS2322: Type '{ children: string; onClick: () => Promise<void>; loading: boolean; leftSection: Element; }' is not assignable to type 'IntrinsicAttributes & ButtonProps'.
  Property 'leftSection' does not exist on type 'IntrinsicAttributes & ButtonProps'.
src/components/error/index.ts(26,8): error TS2307: Cannot find module './ErrorStates' or its corresponding type declarations.
src/components/error/index.ts(31,8): error TS2307: Cannot find module './ErrorRecoveryWorkflows' or its corresponding type declarations.
src/components/error/index.ts(36,8): error TS2307: Cannot find module './ErrorDashboard' or its corresponding type declarations.
src/components/error/index.ts(44,8): error TS2307: Cannot find module './ErrorRecoveryWorkflow' or its corresponding type declarations.
src/components/error/index.ts(47,8): error TS2307: Cannot find module './ErrorDashboard' or its corresponding type declarations.
src/components/error/index.ts(54,8): error TS2307: Cannot find module './ContextualErrorHandler' or its corresponding type declarations.
src/components/error/index.ts(63,8): error TS2307: Cannot find module './ErrorNotificationSystem' or its corresponding type declarations.
src/components/error/index.ts(66,8): error TS2307: Cannot find module './GlobalErrorHandler' or its corresponding type declarations.
src/components/error/index.ts(70,3): error TS2614: Module '"./ComprehensiveErrorProvider"' has no exported member 'withComprehensiveErrorHandling'. Did you mean to use 'import withComprehensiveErrorHandling from "./ComprehensiveErrorProvider"' instead?
src/components/error/index.ts(71,3): error TS2614: Module '"./ComprehensiveErrorProvider"' has no exported member 'useAsyncErrorHandling'. Did you mean to use 'import useAsyncErrorHandling from "./ComprehensiveErrorProvider"' instead?
src/components/error/index.ts(72,3): error TS2614: Module '"./ComprehensiveErrorProvider"' has no exported member 'useFormErrorHandling'. Did you mean to use 'import useFormErrorHandling from "./ComprehensiveErrorProvider"' instead?
src/components/error/index.ts(76,8): error TS2307: Cannot find module './PerformanceAuditDashboard' or its corresponding type declarations.
src/components/error/index.ts(79,8): error TS2307: Cannot find module './ModernErrorHandlingDemo' or its corresponding type declarations.
src/components/error/index.ts(80,35): error TS2307: Cannot find module './ErrorHandlingDemo' or its corresponding type declarations.
src/components/error/index.ts(85,38): error TS2307: Cannot find module './ErrorStates' or its corresponding type declarations.
src/components/ErrorBoundary.tsx(3,8): error TS6133: 'React' is declared but its value is never read.
src/components/Fab.tsx(1,1): error TS6133: 'React' is declared but its value is never read.
src/components/index.ts(6,15): error TS2307: Cannot find module './layout' or its corresponding type declarations.
src/components/index.ts(9,15): error TS2307: Cannot find module './responsive' or its corresponding type declarations.
src/components/index.ts(12,15): error TS2307: Cannot find module './mantine' or its corresponding type declarations.
src/components/index.ts(18,15): error TS2307: Cannot find module './avatar' or its corresponding type declarations.
src/components/index.ts(19,15): error TS2307: Cannot find module './profile' or its corresponding type declarations.
src/components/index.ts(22,15): error TS2307: Cannot find module './forms' or its corresponding type declarations.
src/components/index.ts(25,15): error TS2307: Cannot find module './loading' or its corresponding type declarations.
src/components/index.ts(29,15): error TS2307: Cannot find module './tables/OptimizedDataTable' or its corresponding type declarations.
src/components/index.ts(30,15): error TS2307: Cannot find module './tables/OptimizedWorkOrderDataTable' or its corresponding type declarations.
src/components/index.ts(31,15): error TS2307: Cannot find module './performance/PerformanceMonitor' or its corresponding type declarations.
src/components/IssueConfirmationDialog.tsx(1,1): error TS6133: 'React' is declared but its value is never read.
src/components/lazy/LazyComponents.tsx(1,1): error TS6192: All imports in import declaration are unused.
src/components/lazy/LazyComponents.tsx(2,59): error TS2307: Cannot find module '@/utils/performance' or its corresponding type declarations.
src/components/lazy/LazyComponents.tsx(35,18): error TS2307: Cannot find module '@/components/TechnicianDataTable' or its corresponding type declarations.
src/components/lazy/LazyComponents.tsx(40,18): error TS2307: Cannot find module '@/components/CustomerDataTable' or its corresponding type declarations.
src/components/lazy/LazyComponents.tsx(45,18): error TS2307: Cannot find module '@/components/LocationDataTable' or its corresponding type declarations.
src/components/lazy/LazyComponents.tsx(50,18): error TS2307: Cannot find module '@/components/InventoryDataTable' or its corresponding type declarations.
src/components/lazy/LazyComponents.tsx(68,18): error TS2307: Cannot find module '@/components/CustomerFormDialog' or its corresponding type declarations.
src/components/lazy/LazyComponents.tsx(73,18): error TS2307: Cannot find module '@/components/LocationFormDialog' or its corresponding type declarations.
src/components/lazy/LazyComponents.tsx(78,18): error TS2307: Cannot find module '@/components/InventoryItemFormDialog' or its corresponding type declarations.
src/components/lazy/LazyComponents.tsx(83,18): error TS2307: Cannot find module '@/components/WorkOrderFormDrawer' or its corresponding type declarations.
src/components/lazy/LazyComponents.tsx(91,18): error TS2307: Cannot find module '@/components/LazyCalendar' or its corresponding type declarations.
src/components/lazy/LazyComponents.tsx(99,18): error TS2307: Cannot find module '@/components/LazyMapView' or its corresponding type declarations.
src/components/lazy/LazyComponents.tsx(104,18): error TS2307: Cannot find module '@/components/MapboxDisplayMap' or its corresponding type declarations.
src/components/lazy/LazyComponents.tsx(112,18): error TS2307: Cannot find module '@/components/DiagnosisWizard' or its corresponding type declarations.
src/components/lazy/LazyComponents.tsx(117,18): error TS2307: Cannot find module '@/components/BikeDiagnosisWizard' or its corresponding type declarations.
src/components/lazy/LazyComponents.tsx(127,18): error TS2307: Cannot find module '@/components/RoutePlanningPanel' or its corresponding type declarations.
src/components/lazy/LazyComponents.tsx(135,18): error TS2307: Cannot find module '@/components/ResourcePlanning/ResourcePlanningDemo' or its corresponding type declarations.
src/components/lazy/LazyComponents.tsx(143,18): error TS2307: Cannot find module '@/components/CostTracking/CostTrackingDashboard' or its corresponding type declarations.
src/components/lazy/LazyComponents.tsx(165,10): error TS2307: Cannot find module '@/components/TechnicianDataTable' or its corresponding type declarations.
src/components/lazy/LazyComponents.tsx(173,14): error TS2307: Cannot find module '@/components/WorkOrderFormDrawer' or its corresponding type declarations.
src/components/lazy/LazyComponents.tsx(180,14): error TS2307: Cannot find module '@/components/TechnicianDataTable' or its corresponding type declarations.
src/components/lazy/LazyComponents.tsx(184,14): error TS2307: Cannot find module '@/components/CustomerDataTable' or its corresponding type declarations.
src/components/lazy/LazyComponents.tsx(185,14): error TS2307: Cannot find module '@/components/CustomerFormDialog' or its corresponding type declarations.
src/components/lazy/LazyComponents.tsx(188,14): error TS2307: Cannot find module '@/components/LocationDataTable' or its corresponding type declarations.
src/components/lazy/LazyComponents.tsx(189,14): error TS2307: Cannot find module '@/components/LocationFormDialog' or its corresponding type declarations.
src/components/lazy/LazyComponents.tsx(192,14): error TS2307: Cannot find module '@/components/InventoryDataTable' or its corresponding type declarations.
src/components/lazy/LazyComponents.tsx(193,14): error TS2307: Cannot find module '@/components/InventoryItemFormDialog' or its corresponding type declarations.
src/components/lazy/LazyComponents.tsx(201,14): error TS2307: Cannot find module '@/components/LazyCalendar' or its corresponding type declarations.
src/components/MaintenanceCompletionDrawer.tsx(1,1): error TS6133: 'React' is declared but its value is never read.
src/components/MaintenanceCostChart.tsx(2,27): error TS6133: 'formatCurrency' is declared but its value is never read.
src/components/MaintenanceCostChart.tsx(2,61): error TS2307: Cannot find module '@/components/charts' or its corresponding type declarations.
src/components/MaintenanceCostChart.tsx(4,1): error TS6133: 'dayjs' is declared but its value is never read.
src/components/MaintenanceCostChart.tsx(14,14): error TS2339: Property 'partsUsed' does not exist on type 'WorkOrder'.
src/components/MaintenanceCostChart.tsx(14,33): error TS7006: Parameter 'acc' implicitly has an 'any' type.
src/components/MaintenanceCostChart.tsx(14,38): error TS7006: Parameter 'part' implicitly has an 'any' type.
src/components/MaintenanceCostChart.tsx(29,21): error TS7006: Parameter 'value' implicitly has an 'any' type.
src/components/ModernPageHeader.tsx(1,1): error TS6133: 'React' is declared but its value is never read.
src/components/ModernPageHeader.tsx(2,53): error TS6133: 'breadcrumbs' is declared but its value is never read.
src/components/MultiSelectWorkOrders.tsx(41,3): error TS6133: 'onWorkOrderUpdate' is declared but its value is never read.
src/components/MultiSelectWorkOrders.tsx(93,17): error TS6133: 'touch' is declared but its value is never read.
src/components/MultiSelectWorkOrders.tsx(372,3): error TS6133: 'workOrder' is declared but its value is never read.
src/components/navigation/ModernBreadcrumbs.tsx(15,5): error TS6133: 'onSearch' is declared but its value is never read.
src/components/OnHoldReasonDialog.tsx(1,1): error TS6133: 'React' is declared but its value is never read.
src/components/OnHoldReasonDialog.tsx(2,1): error TS6133: 'Icon' is declared but its value is never read.
src/components/OnHoldReasonDialog.tsx(4,55): error TS6133: 'onSave' is declared but its value is never read.
src/components/ResizableTitle.tsx(2,47): error TS7016: Could not find a declaration file for module 'react-resizable'. 'C:/Users/BODAWERK/Documents/Development/warp projects/gogo_cmms/node_modules/react-resizable/index.js' implicitly has an 'any' type.
  Try `npm i --save-dev @types/react-resizable` if it exists or add a new declaration (.d.ts) file containing `declare module 'react-resizable';`
src/components/RouteOptimizationPanel.tsx(1,1): error TS6133: 'React' is declared but its value is never read.
src/components/RouteOptimizationPanel.tsx(28,3): error TS6133: 'userLocation' is declared but its value is never read.
src/components/ServiceSlaManagement.tsx(1,1): error TS6133: 'React' is declared but its value is never read.
src/components/TableEmptyState.tsx(1,58): error TS2307: Cannot find module './states/EmptyState' or its corresponding type declarations.
src/components/TableFiltersBar.tsx(1,1): error TS6133: 'React' is declared but its value is never read.
src/components/TableFiltersBar.tsx(2,74): error TS6133: 'filterChips' is declared but its value is never read.
src/components/TableFiltersBar.tsx(2,87): error TS6133: 'onClearAll' is declared but its value is never read.
src/components/tables/ModernAssetDataTable.tsx(1,1): error TS6133: 'React' is declared but its value is never read.
src/components/tables/ModernAssetDataTable.tsx(2,38): error TS6133: 'props' is declared but its value is never read.
src/components/tables/ModernTechnicianDataTable.tsx(1,1): error TS6133: 'React' is declared but its value is never read.
src/components/tables/ModernTechnicianDataTable.tsx(3,43): error TS6133: 'props' is declared but its value is never read.
src/components/tailwind-components/data-display/Pagination.tsx(27,5): error TS6133: 'withEdges' is declared but its value is never read.
src/components/tailwind-components/feedback/Tooltip.tsx(37,17): error TS2769: No overload matches this call.
  The last overload gave the following error.
    Object literal may only specify known properties, and 'onMouseEnter' does not exist in type 'Partial<unknown> & Attributes'.
src/components/tailwind-components/forms/Checkbox.tsx(105,5): error TS6133: 'value' is declared but its value is never read.
src/components/tailwind-components/forms/Checkbox.tsx(106,5): error TS6133: 'onChange' is declared but its value is never read.
src/components/tailwind-components/forms/MultiSelect.tsx(1,1): error TS6133: 'React' is declared but its value is never read.
src/components/tailwind-components/forms/MultiSelect.tsx(12,77): error TS6133: 'props' is declared but its value is never read.
src/components/tailwind-components/layout/Flex.tsx(2,1): error TS6133: 'clsx' is declared but its value is never read.
src/components/tailwind-components/overlays/Menu.tsx(50,9): error TS2769: No overload matches this call.
  The last overload gave the following error.
    Object literal may only specify known properties, and 'onClick' does not exist in type 'Partial<unknown> & Attributes'.
src/components/tailwind-components/overlays/Menu.tsx(53,13): error TS18046: 'children.props' is of type 'unknown'.
src/components/tailwind-components/typography/Title.tsx(46,44): error TS2503: Cannot find namespace 'JSX'.
src/components/tailwind-components/typography/Title.tsx(52,10): error TS2604: JSX element type 'Component' does not have any construct or call signatures.
src/components/tailwind-components/typography/Title.tsx(52,10): error TS2786: 'Component' cannot be used as a JSX component.
  Its type 'string | number | symbol' is not a valid JSX element type.
    Type 'number' is not assignable to type 'ElementType'.
src/components/TechnicianFormDialog.tsx(1,1): error TS6133: 'React' is declared but its value is never read.
src/components/UrgentWorkOrdersTable.tsx(59,38): error TS2322: Type '{ icon: string; size: number; }' is not assignable to type 'IntrinsicAttributes & IconifyElementProps & IconifyIconProps'.
  Property 'size' does not exist on type 'IntrinsicAttributes & IconifyElementProps & IconifyIconProps'.
src/components/UserManagement.tsx(1,1): error TS6133: 'React' is declared but its value is never read.
src/components/WithHapticFeedback.tsx(73,14): error TS2352: Conversion of type 'Omit<PropsWithoutRef<P & WithHapticFeedbackProps>, "onClick" | "disabled" | "hapticType">' to type 'P' may be a mistake because neither type sufficiently overlaps with the other. If this was intentional, convert the expression to 'unknown' first.
  'Omit<PropsWithoutRef<P & WithHapticFeedbackProps>, "onClick" | "disabled" | "hapticType">' is assignable to the constraint of type 'P', but 'P' could be instantiated with a different subtype of constraint 'Record<string, any>'.
src/components/work-order-details/AssignEmergencyBikeModal.tsx(1,1): error TS6133: 'React' is declared but its value is never read.
src/components/work-order-details/AssignTechnicianModal.tsx(1,1): error TS6133: 'React' is declared but its value is never read.
src/components/work-order-details/WorkOrderActivityLogCard.tsx(1,1): error TS6133: 'React' is declared but its value is never read.
src/components/work-order-details/WorkOrderAppointmentCard.tsx(1,1): error TS6133: 'React' is declared but its value is never read.
src/components/work-order-details/WorkOrderCustomerVehicleCard.tsx(1,1): error TS6133: 'React' is declared but its value is never read.
src/components/work-order-details/WorkOrderDetailsInfoCard.tsx(1,1): error TS6133: 'React' is declared but its value is never read.
src/components/work-order-details/WorkOrderLocationMapCard.tsx(1,1): error TS6133: 'React' is declared but its value is never read.
src/components/work-order-details/WorkOrderPartsUsedCard.tsx(1,1): error TS6133: 'React' is declared but its value is never read.
src/components/work-order-details/WorkOrderServiceLifecycleCard.tsx(1,1): error TS6133: 'React' is declared but its value is never read.
src/components/Workflow/TimeTracker.tsx(1,1): error TS6133: 'React' is declared but its value is never read.
src/components/Workflow/WorkflowStatus.tsx(1,1): error TS6133: 'React' is declared but its value is never read.
src/components/Workflow/WorkflowStatus.tsx(2,25): error TS6198: All destructured elements are unused.
src/components/WorkOrderDataTable.tsx(1,1): error TS6133: 'React' is declared but its value is never read.
src/components/WorkOrderDataTable.tsx(2,42): error TS2307: Cannot find module './tables/ModernWorkOrderDataTable' or its corresponding type declarations.
src/components/WorkOrderDataTable.tsx(39,3): error TS6133: 'visibleColumns' is declared but its value is never read.
src/components/WorkOrderDataTable.tsx(40,3): error TS6133: 'selectedRecords' is declared but its value is never read.
src/components/WorkOrderDataTable.tsx(41,3): error TS6133: 'onSelectedRecordsChange' is declared but its value is never read.
src/components/WorkOrderDataTable.tsx(42,3): error TS6133: 'onBulkAssign' is declared but its value is never read.
src/components/WorkOrderDataTable.tsx(45,3): error TS6133: 'searchTerm' is declared but its value is never read.
src/components/WorkOrderDetailsDrawer.tsx(1,1): error TS6133: 'React' is declared but its value is never read.
src/components/WorkOrderFormDrawer.test.tsx(2,33): error TS2307: Cannot find module './WorkOrderFormDrawer' or its corresponding type declarations.
src/components/WorkOrderFormDrawer.test.tsx(18,1): error TS2582: Cannot find name 'describe'. Do you need to install type definitions for a test runner? Try `npm i --save-dev @types/jest` or `npm i --save-dev @types/mocha`.
src/components/WorkOrderFormDrawer.test.tsx(19,3): error TS2582: Cannot find name 'it'. Do you need to install type definitions for a test runner? Try `npm i --save-dev @types/jest` or `npm i --save-dev @types/mocha`.
src/components/WorkOrderStepper/WorkOrderStepper.tsx(1,1): error TS6133: 'React' is declared but its value is never read.
src/components/WorkOrderStepper/WorkOrderStepper.tsx(2,40): error TS6133: 'compact' is declared but its value is never read.
src/hooks/index.ts(2,15): error TS2307: Cannot find module './useOptimizedData' or its corresponding type declarations.
src/hooks/index.ts(11,8): error TS2307: Cannot find module './useOptimizedData' or its corresponding type declarations.
src/hooks/useAnimatedValue.ts(29,18): error TS2554: Expected 1 arguments, but got 0.
src/hooks/useBatchOperations.ts(3,26): error TS2307: Cannot find module '@/lib/supabase' or its corresponding type declarations.
src/hooks/useBatchOperations.ts(79,54): error TS6133: 'itemIndex' is declared but its value is never read.
src/hooks/useBatchOperations.ts(265,38): error TS7006: Parameter 'wo' implicitly has an 'any' type.
src/hooks/useBatchOperations.ts(282,24): error TS7006: Parameter 'row' implicitly has an 'any' type.
src/hooks/useBatchOperations.ts(282,39): error TS7006: Parameter 'cell' implicitly has an 'any' type.
src/hooks/useBudgetManagement.ts(4,3): error TS6133: 'BudgetCategory' is declared but its value is never read.
src/hooks/useFeedback.ts(43,22): error TS2554: Expected 1 arguments, but got 0.
src/hooks/useFinancialAnalytics.ts(52,5): error TS6133: 'period' is declared but its value is never read.
src/hooks/useFinancialAnalytics.ts(347,56): error TS6133: 'workOrderId' is declared but its value is never read.
src/hooks/useGeolocation.ts(2,36): error TS2307: Cannot find module '../utils/performance' or its corresponding type declarations.
src/hooks/useGeolocation.ts(175,12): error TS2307: Cannot find module '@/utils/errorHandling' or its corresponding type declarations.
src/hooks/useHoverEffect.ts(45,27): error TS2554: Expected 1 arguments, but got 0.
src/hooks/useHoverEffect.ts(46,27): error TS2554: Expected 1 arguments, but got 0.
src/hooks/useInvoicing.ts(327,5): error TS6133: 'costEntryIds' is declared but its value is never read.
src/hooks/useMultiSelect.tsx(44,9): error TS6133: 'longPressActiveRef' is declared but its value is never read.
src/hooks/useMultiSelect.tsx(230,18): error TS6133: 'event' is declared but its value is never read.
src/hooks/useMultiSelect.tsx(234,12): error TS1345: An expression of type 'void' cannot be tested for truthiness.
src/hooks/useMultiSelect.tsx(255,12): error TS1345: An expression of type 'void' cannot be tested for truthiness.
src/hooks/useMultiSelect.tsx(280,3): error TS6133: 'items' is declared but its value is never read.
src/hooks/useNotifications.ts(14,8): error TS2307: Cannot find module '@/components/notifications/NotificationSystem' or its corresponding type declarations.
src/hooks/useSearchHistory.ts(31,21): error TS7006: Parameter 'prevItems' implicitly has an 'any' type.
src/hooks/useSearchHistory.ts(31,21): error TS2345: Argument of type '(prevItems: any) => any[]' is not assignable to parameter of type 'SearchHistoryItem[]'.
src/hooks/useSearchHistory.ts(34,9): error TS7006: Parameter 'item' implicitly has an 'any' type.
src/hooks/useSearchHistory.ts(57,21): error TS7006: Parameter 'prevItems' implicitly has an 'any' type.
src/hooks/useSearchHistory.ts(57,21): error TS2345: Argument of type '(prevItems: any) => any' is not assignable to parameter of type 'SearchHistoryItem[]'.
src/hooks/useSearchHistory.ts(58,24): error TS7006: Parameter 'item' implicitly has an 'any' type.
src/hooks/useSwipeGesture.ts(153,39): error TS6133: 'event' is declared but its value is never read.
src/hooks/useSwipeGesture.ts(163,15): error TS6133: 'deltaX' is declared but its value is never read.
src/hooks/useSwipeGesture.ts(264,20): error TS6133: 'direction' is declared but its value is never read.
src/hooks/useWorkOrderFilters.ts(27,14): error TS2339: Property 'vehicleModel' does not exist on type 'WorkOrder'.
src/hooks/useWorkOrderFilters.ts(29,14): error TS2339: Property 'notes' does not exist on type 'WorkOrder'.
src/pages/Assets.tsx(5,3): error TS6133: 'Grid' is declared but its value is never read.
src/pages/Assets.tsx(6,3): error TS6133: 'Button' is declared but its value is never read.
src/pages/Assets.tsx(11,3): error TS6133: 'Title' is declared but its value is never read.
src/pages/Assets.tsx(13,3): error TS6133: 'Badge' is declared but its value is never read.
src/pages/Assets.tsx(22,1): error TS6133: 'AssetCard' is declared but its value is never read.
src/pages/Assets.tsx(23,10): error TS6133: 'ModernAssetCard' is declared but its value is never read.
src/pages/Assets.tsx(33,1): error TS6133: 'AppBreadcrumb' is declared but its value is never read.
src/pages/Assets.tsx(217,32): error TS2339: Property 'purchaseDate' does not exist on type 'Vehicle'.
src/pages/Assets.tsx(218,34): error TS2339: Property 'purchaseDate' does not exist on type 'Vehicle'.
src/pages/Assets.tsx(253,11): error TS2367: This comparison appears to be unintentional because the types '"Available" | "In Repair" | "Decommissioned" | null | undefined' and '"retired"' have no overlap.
src/pages/Assets.tsx(268,26): error TS2551: Property 'estimatedCost' does not exist on type 'WorkOrder'. Did you mean 'estimatedHours'?
src/pages/Assets.tsx(274,17): error TS2339: Property 'purchaseDate' does not exist on type 'Vehicle'.
src/pages/Assets.tsx(275,25): error TS2339: Property 'purchaseDate' does not exist on type 'Vehicle'.
src/pages/Assets.tsx(292,25): error TS2339: Property 'locationId' does not exist on type 'Vehicle'.
src/pages/Assets.tsx(292,60): error TS2339: Property 'locationId' does not exist on type 'Vehicle'.
src/pages/Assets.tsx(293,25): error TS2551: Property 'customerId' does not exist on type 'Vehicle'. Did you mean 'customer_id'?
src/pages/Assets.tsx(293,60): error TS2551: Property 'customerId' does not exist on type 'Vehicle'. Did you mean 'customer_id'?
src/pages/Assets.tsx(334,15): error TS2551: Property 'customerId' does not exist on type 'EnhancedAsset'. Did you mean 'customer_id'?
src/pages/Assets.tsx(334,58): error TS2551: Property 'customerId' does not exist on type 'EnhancedAsset'. Did you mean 'customer_id'?
src/pages/Assets.tsx(385,26): error TS2322: Type 'number' is not assignable to type '"xs" | "sm" | "md" | "lg" | "xl" | undefined'.
src/pages/Assets.tsx(403,41): error TS2322: Type '{ icon: string; size: number; }' is not assignable to type 'IntrinsicAttributes & IconifyElementProps & IconifyIconProps'.
  Property 'size' does not exist on type 'IntrinsicAttributes & IconifyElementProps & IconifyIconProps'.
src/pages/Assets.tsx(415,50): error TS2322: Type '{ icon: string; size: number; }' is not assignable to type 'IntrinsicAttributes & IconifyElementProps & IconifyIconProps'.
  Property 'size' does not exist on type 'IntrinsicAttributes & IconifyElementProps & IconifyIconProps'.
src/pages/Assets.tsx(427,44): error TS2322: Type '{ icon: string; size: number; }' is not assignable to type 'IntrinsicAttributes & IconifyElementProps & IconifyIconProps'.
  Property 'size' does not exist on type 'IntrinsicAttributes & IconifyElementProps & IconifyIconProps'.
src/pages/Assets.tsx(439,50): error TS2322: Type '{ icon: string; size: number; }' is not assignable to type 'IntrinsicAttributes & IconifyElementProps & IconifyIconProps'.
  Property 'size' does not exist on type 'IntrinsicAttributes & IconifyElementProps & IconifyIconProps'.
src/pages/Assets.tsx(450,52): error TS2322: Type '"purple"' is not assignable to type '"blue" | "gray" | "green" | "red" | "yellow" | "primary" | undefined'.
src/pages/Assets.tsx(451,53): error TS2322: Type '{ icon: string; size: number; }' is not assignable to type 'IntrinsicAttributes & IconifyElementProps & IconifyIconProps'.
  Property 'size' does not exist on type 'IntrinsicAttributes & IconifyElementProps & IconifyIconProps'.
src/pages/Assets.tsx(462,52): error TS2322: Type '"orange"' is not assignable to type '"blue" | "gray" | "green" | "red" | "yellow" | "primary" | undefined'.
src/pages/Assets.tsx(463,52): error TS2322: Type '{ icon: string; size: number; }' is not assignable to type 'IntrinsicAttributes & IconifyElementProps & IconifyIconProps'.
  Property 'size' does not exist on type 'IntrinsicAttributes & IconifyElementProps & IconifyIconProps'.
src/pages/Assets.tsx(522,56): error TS2345: Argument of type 'string | null' is not assignable to parameter of type 'SetStateAction<"WATU" | "Cash" | "B2B" | "All">'.
  Type 'null' is not assignable to type 'SetStateAction<"WATU" | "Cash" | "B2B" | "All">'.
src/pages/Assets.tsx(539,13): error TS2322: Type 'Element' is not assignable to type 'string'.
src/pages/Assets.tsx(560,13): error TS2322: Type 'EnhancedAsset[]' is not assignable to type 'Vehicle[]'.
  Type 'EnhancedAsset' is not assignable to type 'Vehicle'.
    Types of property 'status' are incompatible.
      Type '"down" | "operational" | "maintenance" | "retired"' is not assignable to type '"Available" | "In Repair" | "Decommissioned" | null | undefined'.
        Type '"down"' is not assignable to type '"Available" | "In Repair" | "Decommissioned" | null | undefined'.
src/pages/Assets.tsx(601,48): error TS2322: Type '{ icon: string; size: number; }' is not assignable to type 'IntrinsicAttributes & IconifyElementProps & IconifyIconProps'.
  Property 'size' does not exist on type 'IntrinsicAttributes & IconifyElementProps & IconifyIconProps'.
src/pages/EnhancedDashboard.tsx(12,23): error TS6133: 'showInfo' is declared but its value is never read.
src/pages/EnhancedDashboard.tsx(48,3): error TS6133: 'sparklineData' is declared but its value is never read.
src/pages/EnhancedDashboard.tsx(51,3): error TS6133: 'iconColor' is declared but its value is never read.
src/pages/EnhancedDashboard.tsx(134,9): error TS6133: 'navigate' is declared but its value is never read.
src/pages/EnhancedDashboard.tsx(166,9): error TS6133: 'customers' is declared but its value is never read.
src/pages/EnhancedDashboard.tsx(209,9): error TS6133: 'handleUpdateWorkOrder' is declared but its value is never read.
src/pages/EnhancedDashboard.tsx(281,11): error TS6133: 'lastWeekStart' is declared but its value is never read.
src/pages/Login.tsx(54,15): error TS6133: 'data' is declared but its value is never read.
src/pages/Login.tsx(137,9): error TS2322: Type 'number' is not assignable to type '"xs" | "sm" | "md" | "lg" | "xl" | undefined'.
src/pages/Login.tsx(149,30): error TS2322: Type '{ children: string; order: 1; size: string; mb: number; }' is not assignable to type 'IntrinsicAttributes & TitleProps'.
  Property 'size' does not exist on type 'IntrinsicAttributes & TitleProps'.
src/pages/Login.tsx(203,17): error TS2322: Type '{ children: string; variant: "filled"; type: "submit"; loading: boolean; size: "md"; fullWidth: true; radius: number; }' is not assignable to type 'IntrinsicAttributes & ButtonProps'.
  Property 'radius' does not exist on type 'IntrinsicAttributes & ButtonProps'.
src/pages/Login.tsx(210,17): error TS2322: Type '{ children: string; variant: "default"; leftSection: Element; onClick: () => Promise<void>; size: "md"; fullWidth: true; radius: number; loading: boolean; disabled: boolean; }' is not assignable to type 'IntrinsicAttributes & ButtonProps'.
  Property 'leftSection' does not exist on type 'IntrinsicAttributes & ButtonProps'.
src/pages/Settings.tsx(34,3): error TS2305: Module '"@/components/tailwind-components"' has no exported member 'List'.
src/pages/Settings.tsx(34,3): error TS6133: 'List' is declared but its value is never read.
src/pages/Settings.tsx(56,14): error TS2322: Type '"space-between"' is not assignable to type '"start" | "center" | "end" | "between" | "around" | undefined'.
src/pages/Settings.tsx(60,11): error TS2322: Type '{ children: string; variant: "filled"; leftSection: Element; onClick: () => void; disabled: boolean; }' is not assignable to type 'IntrinsicAttributes & ButtonProps'.
  Property 'leftSection' does not exist on type 'IntrinsicAttributes & ButtonProps'.
src/pages/Settings.tsx(68,31): error TS2322: Type '{ children: Element; align: "center"; py: string; }' is not assignable to type 'IntrinsicAttributes & StackProps'.
  Property 'py' does not exist on type 'IntrinsicAttributes & StackProps'.
src/pages/Settings.tsx(98,5): error TS2353: Object literal may only specify known properties, and 'initialValues' does not exist in type 'Partial<{ mode: "onBlur" | "onChange" | "onSubmit" | "all" | "onTouched"; disabled: boolean; reValidateMode: "onBlur" | "onChange" | "onSubmit"; defaultValues: AsyncDefaultValues<FieldValues> | { ...; }; ... 11 more ...; formControl?: Omit<...> | undefined; }>'.
src/pages/Settings.tsx(127,12): error TS2551: Property 'setValues' does not exist on type 'UseFormReturn<FieldValues, any, FieldValues>'. Did you mean 'setValue'?
src/pages/Settings.tsx(176,51): error TS2339: Property 'values' does not exist on type 'UseFormReturn<FieldValues, any, FieldValues>'.
src/pages/Settings.tsx(193,26): error TS2322: Type '{ children: string; order: 5; mb: string; }' is not assignable to type 'IntrinsicAttributes & TitleProps'.
  Property 'mb' does not exist on type 'IntrinsicAttributes & TitleProps'.
src/pages/Settings.tsx(195,30): error TS2322: Type '{ height: number; mt: number; radius: "xl"; }' is not assignable to type 'IntrinsicAttributes & SkeletonProps'.
  Property 'mt' does not exist on type 'IntrinsicAttributes & SkeletonProps'.
src/pages/Settings.tsx(196,30): error TS2322: Type '{ height: number; mt: number; width: string; radius: "xl"; }' is not assignable to type 'IntrinsicAttributes & SkeletonProps'.
  Property 'mt' does not exist on type 'IntrinsicAttributes & SkeletonProps'.
src/pages/Settings.tsx(197,30): error TS2322: Type '{ height: number; mt: number; radius: "xl"; }' is not assignable to type 'IntrinsicAttributes & SkeletonProps'.
  Property 'mt' does not exist on type 'IntrinsicAttributes & SkeletonProps'.
src/pages/Settings.tsx(198,30): error TS2322: Type '{ height: number; mt: number; radius: "xl"; }' is not assignable to type 'IntrinsicAttributes & SkeletonProps'.
  Property 'mt' does not exist on type 'IntrinsicAttributes & SkeletonProps'.
src/pages/Settings.tsx(205,24): error TS2322: Type '{ children: string; order: 5; mb: string; }' is not assignable to type 'IntrinsicAttributes & TitleProps'.
  Property 'mb' does not exist on type 'IntrinsicAttributes & TitleProps'.
src/pages/Settings.tsx(206,28): error TS2339: Property 'onSubmit' does not exist on type 'UseFormReturn<FieldValues, any, FieldValues>'.
src/pages/Settings.tsx(210,40): error TS2322: Type '{ children: string; size: "sm"; fw: number; mb: number; }' is not assignable to type 'IntrinsicAttributes & TextProps'.
  Property 'mb' does not exist on type 'IntrinsicAttributes & TextProps'.
src/pages/Settings.tsx(213,26): error TS2339: Property 'getInputProps' does not exist on type 'UseFormReturn<FieldValues, any, FieldValues>'.
src/pages/Settings.tsx(220,40): error TS2322: Type '{ children: string; size: "sm"; fw: number; mb: number; }' is not assignable to type 'IntrinsicAttributes & TextProps'.
  Property 'mb' does not exist on type 'IntrinsicAttributes & TextProps'.
src/pages/Settings.tsx(223,31): error TS2339: Property 'values' does not exist on type 'UseFormReturn<FieldValues, any, FieldValues>'.
src/pages/Settings.tsx(225,24): error TS2339: Property 'setFieldValue' does not exist on type 'UseFormReturn<FieldValues, any, FieldValues>'.
src/pages/Settings.tsx(225,56): error TS2339: Property 'currentTarget' does not exist on type 'boolean'.
src/pages/Settings.tsx(242,24): error TS2339: Property 'getInputProps' does not exist on type 'UseFormReturn<FieldValues, any, FieldValues>'.
src/pages/Settings.tsx(254,24): error TS2339: Property 'getInputProps' does not exist on type 'UseFormReturn<FieldValues, any, FieldValues>'.
src/pages/Settings.tsx(259,38): error TS2322: Type '{ children: string; size: "sm"; fw: number; mb: number; }' is not assignable to type 'IntrinsicAttributes & TextProps'.
  Property 'mb' does not exist on type 'IntrinsicAttributes & TextProps'.
src/pages/Settings.tsx(260,40): error TS2322: Type '{ children: string; size: "sm"; c: string; mb: string; }' is not assignable to type 'IntrinsicAttributes & TextProps'.
  Property 'mb' does not exist on type 'IntrinsicAttributes & TextProps'.
src/pages/Settings.tsx(266,43): error TS2322: Type '{ children: string; variant: "default"; leftSection: Element; }' is not assignable to type 'IntrinsicAttributes & ButtonProps'.
  Property 'leftSection' does not exist on type 'IntrinsicAttributes & ButtonProps'.
src/pages/Settings.tsx(288,5): error TS2353: Object literal may only specify known properties, and 'initialValues' does not exist in type 'Partial<{ mode: "onBlur" | "onChange" | "onSubmit" | "all" | "onTouched"; disabled: boolean; reValidateMode: "onBlur" | "onChange" | "onSubmit"; defaultValues: AsyncDefaultValues<FieldValues> | { ...; }; ... 11 more ...; formControl?: Omit<...> | undefined; }>'.
src/pages/Settings.tsx(295,5): error TS2353: Object literal may only specify known properties, and 'initialValues' does not exist in type 'Partial<{ mode: "onBlur" | "onChange" | "onSubmit" | "all" | "onTouched"; disabled: boolean; reValidateMode: "onBlur" | "onChange" | "onSubmit"; defaultValues: AsyncDefaultValues<FieldValues> | { ...; }; ... 11 more ...; formControl?: Omit<...> | undefined; }>'.
src/pages/Settings.tsx(394,10): error TS2339: Property 'catch' does not exist on type 'PromiseLike<void>'.
src/pages/Settings.tsx(394,16): error TS7006: Parameter 'error' implicitly has an 'any' type.
src/pages/Settings.tsx(406,12): error TS2551: Property 'setValues' does not exist on type 'UseFormReturn<FieldValues, any, FieldValues>'. Did you mean 'setValue'?
src/pages/Settings.tsx(420,30): error TS2322: Type '{ height: number; mt: number; radius: "xl"; }' is not assignable to type 'IntrinsicAttributes & SkeletonProps'.
  Property 'mt' does not exist on type 'IntrinsicAttributes & SkeletonProps'.
src/pages/Settings.tsx(421,30): error TS2322: Type '{ height: number; mt: number; width: string; radius: "xl"; }' is not assignable to type 'IntrinsicAttributes & SkeletonProps'.
  Property 'mt' does not exist on type 'IntrinsicAttributes & SkeletonProps'.
src/pages/Settings.tsx(422,30): error TS2322: Type '{ height: number; mt: number; radius: "xl"; }' is not assignable to type 'IntrinsicAttributes & SkeletonProps'.
  Property 'mt' does not exist on type 'IntrinsicAttributes & SkeletonProps'.
src/pages/Settings.tsx(423,30): error TS2322: Type '{ height: number; mt: number; radius: "xl"; }' is not assignable to type 'IntrinsicAttributes & SkeletonProps'.
  Property 'mt' does not exist on type 'IntrinsicAttributes & SkeletonProps'.
src/pages/Settings.tsx(430,56): error TS2322: Type 'Element' is not assignable to type 'string'.
src/pages/Settings.tsx(432,43): error TS2322: Type '{ children: string; onClick: () => Promise<QueryObserverResult<Profile | null, Error>>; mt: string; }' is not assignable to type 'IntrinsicAttributes & ButtonProps'.
  Property 'mt' does not exist on type 'IntrinsicAttributes & ButtonProps'.
src/pages/Settings.tsx(439,58): error TS2339: Property 'values' does not exist on type 'UseFormReturn<FieldValues, any, FieldValues>'.
src/pages/Settings.tsx(451,67): error TS2339: Property 'values' does not exist on type 'UseFormReturn<FieldValues, any, FieldValues>'.
src/pages/Settings.tsx(455,22): error TS2339: Property 'setFieldError' does not exist on type 'UseFormReturn<FieldValues, any, FieldValues>'.
src/pages/Settings.tsx(468,17): error TS2322: Type '{ base: number; md: number; }' is not assignable to type 'number'.
src/pages/Settings.tsx(478,17): error TS2322: Type '{ base: number; md: number; }' is not assignable to type 'number'.
src/pages/Settings.tsx(481,30): error TS2322: Type '{ children: string; order: 5; mb: string; }' is not assignable to type 'IntrinsicAttributes & TitleProps'.
  Property 'mb' does not exist on type 'IntrinsicAttributes & TitleProps'.
src/pages/Settings.tsx(482,34): error TS2339: Property 'onSubmit' does not exist on type 'UseFormReturn<FieldValues, any, FieldValues>'.
src/pages/Settings.tsx(487,28): error TS2339: Property 'getInputProps' does not exist on type 'UseFormReturn<FieldValues, any, FieldValues>'.
src/pages/Settings.tsx(493,28): error TS2339: Property 'getInputProps' does not exist on type 'UseFormReturn<FieldValues, any, FieldValues>'.
src/pages/Settings.tsx(499,48): error TS2322: Type '{ children: string; size: "sm"; fw: number; mb: number; }' is not assignable to type 'IntrinsicAttributes & TextProps'.
  Property 'mb' does not exist on type 'IntrinsicAttributes & TextProps'.
src/pages/Settings.tsx(502,34): error TS2339: Property 'getInputProps' does not exist on type 'UseFormReturn<FieldValues, any, FieldValues>'.
src/pages/Settings.tsx(514,30): error TS2322: Type '{ children: string; order: 5; mb: string; }' is not assignable to type 'IntrinsicAttributes & TitleProps'.
  Property 'mb' does not exist on type 'IntrinsicAttributes & TitleProps'.
src/pages/Settings.tsx(515,42): error TS2339: Property 'onSubmit' does not exist on type 'UseFormReturn<FieldValues, any, FieldValues>'.
src/pages/Settings.tsx(520,36): error TS2339: Property 'getInputProps' does not exist on type 'UseFormReturn<FieldValues, any, FieldValues>'.
src/pages/Settings.tsx(525,36): error TS2339: Property 'getInputProps' does not exist on type 'UseFormReturn<FieldValues, any, FieldValues>'.
src/pages/Settings.tsx(531,36): error TS2339: Property 'getInputProps' does not exist on type 'UseFormReturn<FieldValues, any, FieldValues>'.
src/pages/Settings.tsx(590,33): error TS2322: Type '{ children: (Element | Element[])[]; value: string; onChange: (key: string | null) => void; keepMounted: boolean; }' is not assignable to type 'IntrinsicAttributes & TabsProps'.
  Property 'onChange' does not exist on type 'IntrinsicAttributes & TabsProps'.
src/pages/Technicians.tsx(9,3): error TS6133: 'Box' is declared but its value is never read.
src/pages/Technicians.tsx(14,3): error TS6133: 'Tooltip' is declared but its value is never read.
src/pages/Technicians.tsx(15,3): error TS6133: 'Menu' is declared but its value is never read.
src/pages/Technicians.tsx(16,3): error TS6133: 'Switch' is declared but its value is never read.
src/pages/Technicians.tsx(21,3): error TS6133: 'Divider' is declared but its value is never read.
src/pages/Technicians.tsx(68,9): error TS6133: 'isTablet' is declared but its value is never read.
src/pages/Technicians.tsx(74,22): error TS6133: 'setSearchTerm' is declared but its value is never read.
src/pages/Technicians.tsx(75,19): error TS6133: 'setFilters' is declared but its value is never read.
src/pages/Technicians.tsx(127,17): error TS6133: 'data' is declared but its value is never read.
src/pages/Technicians.tsx(134,17): error TS6133: 'data' is declared but its value is never read.
src/pages/Technicians.tsx(176,34): error TS2769: No overload matches this call.
  Overload 1 of 4, '(value: string | number | Date): Date', gave the following error.
    Argument of type 'string | undefined' is not assignable to parameter of type 'string | number | Date'.
      Type 'undefined' is not assignable to type 'string | number | Date'.
  Overload 2 of 4, '(value: string | number): Date', gave the following error.
    Argument of type 'string | undefined' is not assignable to parameter of type 'string | number'.
      Type 'undefined' is not assignable to type 'string | number'.
src/pages/Technicians.tsx(193,34): error TS2769: No overload matches this call.
  Overload 1 of 4, '(value: string | number | Date): Date', gave the following error.
    Argument of type 'string | undefined' is not assignable to parameter of type 'string | number | Date'.
      Type 'undefined' is not assignable to type 'string | number | Date'.
  Overload 2 of 4, '(value: string | number): Date', gave the following error.
    Argument of type 'string | undefined' is not assignable to parameter of type 'string | number'.
      Type 'undefined' is not assignable to type 'string | number'.
src/pages/Technicians.tsx(193,85): error TS2769: No overload matches this call.
  Overload 1 of 4, '(value: string | number | Date): Date', gave the following error.
    Argument of type 'string | undefined' is not assignable to parameter of type 'string | number | Date'.
      Type 'undefined' is not assignable to type 'string | number | Date'.
  Overload 2 of 4, '(value: string | number): Date', gave the following error.
    Argument of type 'string | undefined' is not assignable to parameter of type 'string | number'.
      Type 'undefined' is not assignable to type 'string | number'.
src/pages/Technicians.tsx(202,24): error TS2551: Property 'locationId' does not exist on type 'Technician'. Did you mean 'location_id'?
src/pages/Technicians.tsx(202,58): error TS2551: Property 'locationId' does not exist on type 'Technician'. Did you mean 'location_id'?
src/pages/Technicians.tsx(229,47): error TS2551: Property 'locationId' does not exist on type 'EnhancedTechnician'. Did you mean 'location_id'?
src/pages/Technicians.tsx(229,92): error TS2551: Property 'locationId' does not exist on type 'EnhancedTechnician'. Did you mean 'location_id'?
src/pages/Technicians.tsx(345,9): error TS6133: 'allSkills' is declared but its value is never read.
src/pages/Technicians.tsx(373,52): error TS2322: Type '{ icon: string; size: number; }' is not assignable to type 'IntrinsicAttributes & IconifyElementProps & IconifyIconProps'.
  Property 'size' does not exist on type 'IntrinsicAttributes & IconifyElementProps & IconifyIconProps'.
src/pages/Technicians.tsx(377,53): error TS2322: Type '{ icon: string; size: number; }' is not assignable to type 'IntrinsicAttributes & IconifyElementProps & IconifyIconProps'.
  Property 'size' does not exist on type 'IntrinsicAttributes & IconifyElementProps & IconifyIconProps'.
src/pages/Technicians.tsx(381,46): error TS2322: Type '{ icon: string; size: number; }' is not assignable to type 'IntrinsicAttributes & IconifyElementProps & IconifyIconProps'.
  Property 'size' does not exist on type 'IntrinsicAttributes & IconifyElementProps & IconifyIconProps'.
src/pages/Technicians.tsx(411,95): error TS2322: Type '{ icon: string; size: number; }' is not assignable to type 'IntrinsicAttributes & IconifyElementProps & IconifyIconProps'.
  Property 'size' does not exist on type 'IntrinsicAttributes & IconifyElementProps & IconifyIconProps'.
src/pages/Technicians.tsx(450,13): error TS2322: Type 'Element' is not assignable to type 'string'.
src/pages/Technicians.tsx(453,57): error TS2322: Type '{ children: string; size: "sm"; onClick: () => Promise<QueryObserverResult<Technician[], Error>>; mt: string; }' is not assignable to type 'IntrinsicAttributes & ButtonProps'.
  Property 'mt' does not exist on type 'IntrinsicAttributes & ButtonProps'.
src/pages/Technicians.tsx(470,18): error TS2322: Type '"space-between"' is not assignable to type '"start" | "center" | "end" | "between" | "around" | undefined'.
src/pages/Technicians.tsx(472,32): error TS2322: Type '{ children: string; order: 2; size: string; }' is not assignable to type 'IntrinsicAttributes & TitleProps'.
  Property 'size' does not exist on type 'IntrinsicAttributes & TitleProps'.
src/pages/Technicians.tsx(566,45): error TS2322: Type '{ icon: string; size: number; color: string; }' is not assignable to type 'IntrinsicAttributes & IconifyElementProps & IconifyIconProps'.
  Property 'size' does not exist on type 'IntrinsicAttributes & IconifyElementProps & IconifyIconProps'.
src/pages/WorkOrderDetailsEnhanced.tsx(605,30): error TS2322: Type '{ height: number; mt: number; radius: "xl"; }' is not assignable to type 'IntrinsicAttributes & SkeletonProps'.
  Property 'mt' does not exist on type 'IntrinsicAttributes & SkeletonProps'.
src/pages/WorkOrderDetailsEnhanced.tsx(606,30): error TS2322: Type '{ height: number; mt: number; width: string; radius: "xl"; }' is not assignable to type 'IntrinsicAttributes & SkeletonProps'.
  Property 'mt' does not exist on type 'IntrinsicAttributes & SkeletonProps'.
src/pages/WorkOrderDetailsEnhanced.tsx(607,30): error TS2322: Type '{ height: number; mt: number; radius: "xl"; }' is not assignable to type 'IntrinsicAttributes & SkeletonProps'.
  Property 'mt' does not exist on type 'IntrinsicAttributes & SkeletonProps'.
src/pages/WorkOrderDetailsEnhanced.tsx(608,30): error TS2322: Type '{ height: number; mt: number; radius: "xl"; }' is not assignable to type 'IntrinsicAttributes & SkeletonProps'.
  Property 'mt' does not exist on type 'IntrinsicAttributes & SkeletonProps'.
src/pages/WorkOrderDetailsEnhanced.tsx(648,11): error TS2322: Type 'Element' is not assignable to type 'string'.
src/pages/WorkOrderDetailsEnhanced.tsx(666,11): error TS2322: Type 'Element' is not assignable to type 'string'.
src/pages/WorkOrderDetailsEnhanced.tsx(677,7): error TS2322: Type '{ leftSection: Element; onClick: () => false | void | Promise<void>; }' is not assignable to type 'IntrinsicAttributes & ButtonProps'.
  Property 'leftSection' does not exist on type 'IntrinsicAttributes & ButtonProps'.
src/pages/WorkOrderDetailsEnhanced.tsx(691,15): error TS2559: Type '(theme: any) => { backgroundColor: any; borderBottom: string; padding: any; position: string; top: number; zIndex: number; }' has no properties in common with type 'Properties<string | number, string & {}>'.
src/pages/WorkOrderDetailsEnhanced.tsx(691,23): error TS7006: Parameter 'theme' implicitly has an 'any' type.
src/pages/WorkOrderDetailsEnhanced.tsx(704,15): error TS2559: Type '(theme: any) => { backgroundColor: string; borderBottom: string; position: string; top: string; zIndex: number; }' has no properties in common with type 'Properties<string | number, string & {}>'.
src/pages/WorkOrderDetailsEnhanced.tsx(704,23): error TS7006: Parameter 'theme' implicitly has an 'any' type.
src/pages/WorkOrderDetailsEnhanced.tsx(714,17): error TS2322: Type '{ children: Element[]; defaultValue: string; keepMounted: boolean; onChange: Dispatch<SetStateAction<string>>; variant: string; styles: (theme: any) => { ...; }; }' is not assignable to type 'IntrinsicAttributes & TabsProps'.
  Property 'keepMounted' does not exist on type 'IntrinsicAttributes & TabsProps'.
src/pages/WorkOrderDetailsEnhanced.tsx(717,26): error TS7006: Parameter 'theme' implicitly has an 'any' type.
src/pages/WorkOrderDetailsEnhanced.tsx(767,39): error TS2322: Type '{ children: string; value: string; leftSection: Element; }' is not assignable to type 'IntrinsicAttributes & TabsTabProps'.
  Property 'leftSection' does not exist on type 'IntrinsicAttributes & TabsTabProps'.
src/pages/WorkOrderDetailsEnhanced.tsx(770,39): error TS2322: Type '{ children: string; value: string; leftSection: Element; }' is not assignable to type 'IntrinsicAttributes & TabsTabProps'.
  Property 'leftSection' does not exist on type 'IntrinsicAttributes & TabsTabProps'.
src/pages/WorkOrderDetailsEnhanced.tsx(773,39): error TS2322: Type '{ children: string; value: string; leftSection: Element; }' is not assignable to type 'IntrinsicAttributes & TabsTabProps'.
  Property 'leftSection' does not exist on type 'IntrinsicAttributes & TabsTabProps'.
src/pages/WorkOrderDetailsEnhanced.tsx(776,39): error TS2322: Type '{ children: string; value: string; leftSection: Element; }' is not assignable to type 'IntrinsicAttributes & TabsTabProps'.
  Property 'leftSection' does not exist on type 'IntrinsicAttributes & TabsTabProps'.
src/pages/WorkOrderDetailsEnhanced.tsx(779,39): error TS2322: Type '{ children: string; value: string; leftSection: Element; }' is not assignable to type 'IntrinsicAttributes & TabsTabProps'.
  Property 'leftSection' does not exist on type 'IntrinsicAttributes & TabsTabProps'.
src/pages/WorkOrderDetailsEnhanced.tsx(782,39): error TS2322: Type '{ children: string; value: string; leftSection: Element; }' is not assignable to type 'IntrinsicAttributes & TabsTabProps'.
  Property 'leftSection' does not exist on type 'IntrinsicAttributes & TabsTabProps'.
src/pages/WorkOrderDetailsEnhanced.tsx(786,39): error TS2322: Type '{ children: Element; value: string; pt: string; }' is not assignable to type 'IntrinsicAttributes & TabsPanelProps'.
  Property 'pt' does not exist on type 'IntrinsicAttributes & TabsPanelProps'.
src/pages/WorkOrderDetailsEnhanced.tsx(787,24): error TS2322: Type '{ children: Element; px: string; pb: string; }' is not assignable to type 'IntrinsicAttributes & BoxProps'.
  Property 'px' does not exist on type 'IntrinsicAttributes & BoxProps'.
src/pages/WorkOrderDetailsEnhanced.tsx(791,25): error TS2322: Type '{ workOrder: WorkOrder; handleUpdateWorkOrder: (updates: Partial<WorkOrder>) => void; usedPartsCount: number; emergencyBike: Vehicle | null; emergencyAssignment: EmergencyBikeAssignment | null; }' is not assignable to type 'IntrinsicAttributes'.
  Property 'workOrder' does not exist on type 'IntrinsicAttributes'.
src/pages/WorkOrderDetailsEnhanced.tsx(799,25): error TS2322: Type '{ workOrder: WorkOrder; technician: Technician | null; allTechnicians: Technician[]; allLocations: Location[]; handleUpdateWorkOrder: (updates: Partial<...>) => void; }' is not assignable to type 'IntrinsicAttributes'.
  Property 'workOrder' does not exist on type 'IntrinsicAttributes'.
src/pages/WorkOrderDetailsEnhanced.tsx(807,27): error TS2322: Type '{ workOrder: WorkOrder; technician: Technician | null; location: Location | null; }' is not assignable to type 'IntrinsicAttributes'.
  Property 'workOrder' does not exist on type 'IntrinsicAttributes'.
src/pages/WorkOrderDetailsEnhanced.tsx(812,53): error TS2322: Type '{ workOrder: WorkOrder; customer: Customer | null; vehicle: Vehicle | null; }' is not assignable to type 'IntrinsicAttributes'.
  Property 'workOrder' does not exist on type 'IntrinsicAttributes'.
src/pages/WorkOrderDetailsEnhanced.tsx(816,39): error TS2322: Type '{ children: Element; value: string; pt: string; }' is not assignable to type 'IntrinsicAttributes & TabsPanelProps'.
  Property 'pt' does not exist on type 'IntrinsicAttributes & TabsPanelProps'.
src/pages/WorkOrderDetailsEnhanced.tsx(817,24): error TS2322: Type '{ children: Element; px: string; pb: string; }' is not assignable to type 'IntrinsicAttributes & BoxProps'.
  Property 'px' does not exist on type 'IntrinsicAttributes & BoxProps'.
src/pages/WorkOrderDetailsEnhanced.tsx(820,25): error TS2322: Type '{ usedParts: WorkOrderPart[]; isAddPartDialogOpen: boolean; setIsAddPartDialogOpen: Dispatch<SetStateAction<boolean>>; handleAddPart: (itemId: string, quantity: number) => void; handleRemovePart: (partId: string) => void; }' is not assignable to type 'IntrinsicAttributes'.
  Property 'usedParts' does not exist on type 'IntrinsicAttributes'.
src/pages/WorkOrderDetailsEnhanced.tsx(826,49): error TS2322: Type '{ workOrder: WorkOrder; profileMap: Map<any, any>; }' is not assignable to type 'IntrinsicAttributes'.
  Property 'workOrder' does not exist on type 'IntrinsicAttributes'.
src/pages/WorkOrderDetailsEnhanced.tsx(830,39): error TS2322: Type '{ children: Element; value: string; pt: string; }' is not assignable to type 'IntrinsicAttributes & TabsPanelProps'.
  Property 'pt' does not exist on type 'IntrinsicAttributes & TabsPanelProps'.
src/pages/WorkOrderDetailsEnhanced.tsx(831,24): error TS2322: Type '{ children: Element; px: string; pb: string; }' is not assignable to type 'IntrinsicAttributes & BoxProps'.
  Property 'px' does not exist on type 'IntrinsicAttributes & BoxProps'.
src/pages/WorkOrderDetailsEnhanced.tsx(834,25): error TS2322: Type '{ workOrder: WorkOrder; location: Location | null; allLocations: Location[]; handleUpdateWorkOrder: (updates: Partial<WorkOrder>) => void; handleLocationSelect: (selectedLoc: { ...; }) => void; showInteractiveMap: boolean; setShowInteractiveMap: Dispatch<...>; }' is not assignable to type 'IntrinsicAttributes'.
  Property 'workOrder' does not exist on type 'IntrinsicAttributes'.
src/pages/WorkOrderDetailsEnhanced.tsx(845,39): error TS2322: Type '{ children: Element; value: string; pt: string; }' is not assignable to type 'IntrinsicAttributes & TabsPanelProps'.
  Property 'pt' does not exist on type 'IntrinsicAttributes & TabsPanelProps'.
src/pages/WorkOrderDetailsEnhanced.tsx(846,24): error TS2322: Type '{ children: Element; px: string; pb: string; }' is not assignable to type 'IntrinsicAttributes & BoxProps'.
  Property 'px' does not exist on type 'IntrinsicAttributes & BoxProps'.
src/pages/WorkOrderDetailsEnhanced.tsx(848,36): error TS2322: Type '{ workOrderId: string; }' is not assignable to type 'IntrinsicAttributes'.
  Property 'workOrderId' does not exist on type 'IntrinsicAttributes'.
src/pages/WorkOrderDetailsEnhanced.tsx(852,39): error TS2322: Type '{ children: Element; value: string; pt: string; }' is not assignable to type 'IntrinsicAttributes & TabsPanelProps'.
  Property 'pt' does not exist on type 'IntrinsicAttributes & TabsPanelProps'.
src/pages/WorkOrderDetailsEnhanced.tsx(853,24): error TS2322: Type '{ children: Element; px: string; pb: string; }' is not assignable to type 'IntrinsicAttributes & BoxProps'.
  Property 'px' does not exist on type 'IntrinsicAttributes & BoxProps'.
src/pages/WorkOrderDetailsEnhanced.tsx(859,39): error TS2322: Type '{ children: Element; value: string; pt: string; }' is not assignable to type 'IntrinsicAttributes & TabsPanelProps'.
  Property 'pt' does not exist on type 'IntrinsicAttributes & TabsPanelProps'.
src/pages/WorkOrderDetailsEnhanced.tsx(860,24): error TS2322: Type '{ children: Element; px: string; pb: string; }' is not assignable to type 'IntrinsicAttributes & BoxProps'.
  Property 'px' does not exist on type 'IntrinsicAttributes & BoxProps'.
src/pages/WorkOrderDetailsEnhanced.tsx(862,36): error TS2322: Type '{ workOrderId: string; }' is not assignable to type 'IntrinsicAttributes'.
  Property 'workOrderId' does not exist on type 'IntrinsicAttributes'.
src/pages/WorkOrderDetailsEnhanced.tsx(873,15): error TS2559: Type '(theme: any) => { backgroundColor: any; borderBottom: string; padding: any; position: string; top: number; zIndex: number; }' has no properties in common with type 'Properties<string | number, string & {}>'.
src/pages/WorkOrderDetailsEnhanced.tsx(873,23): error TS7006: Parameter 'theme' implicitly has an 'any' type.
src/pages/WorkOrderDetailsEnhanced.tsx(885,25): error TS2322: Type '{ base: number; lg: number; }' is not assignable to type 'number'.
src/pages/WorkOrderDetailsEnhanced.tsx(888,21): error TS2322: Type '{ workOrder: WorkOrder; handleUpdateWorkOrder: (updates: Partial<WorkOrder>) => void; usedPartsCount: number; emergencyBike: Vehicle | null; emergencyAssignment: EmergencyBikeAssignment | null; }' is not assignable to type 'IntrinsicAttributes'.
  Property 'workOrder' does not exist on type 'IntrinsicAttributes'.
src/pages/WorkOrderDetailsEnhanced.tsx(895,21): error TS2322: Type '{ usedParts: WorkOrderPart[]; isAddPartDialogOpen: boolean; setIsAddPartDialogOpen: Dispatch<SetStateAction<boolean>>; handleAddPart: (itemId: string, quantity: number) => void; handleRemovePart: (partId: string) => void; }' is not assignable to type 'IntrinsicAttributes'.
  Property 'usedParts' does not exist on type 'IntrinsicAttributes'.
src/pages/WorkOrderDetailsEnhanced.tsx(901,45): error TS2322: Type '{ workOrder: WorkOrder; profileMap: Map<any, any>; }' is not assignable to type 'IntrinsicAttributes'.
  Property 'workOrder' does not exist on type 'IntrinsicAttributes'.
src/pages/WorkOrderDetailsEnhanced.tsx(904,25): error TS2322: Type '{ base: number; lg: number; }' is not assignable to type 'number'.
src/pages/WorkOrderDetailsEnhanced.tsx(907,21): error TS2322: Type '{ workOrder: WorkOrder; technician: Technician | null; allTechnicians: Technician[]; allLocations: Location[]; handleUpdateWorkOrder: (updates: Partial<...>) => void; }' is not assignable to type 'IntrinsicAttributes'.
  Property 'workOrder' does not exist on type 'IntrinsicAttributes'.
src/pages/WorkOrderDetailsEnhanced.tsx(915,23): error TS2322: Type '{ workOrder: WorkOrder; technician: Technician | null; location: Location | null; }' is not assignable to type 'IntrinsicAttributes'.
  Property 'workOrder' does not exist on type 'IntrinsicAttributes'.
src/pages/WorkOrderDetailsEnhanced.tsx(921,49): error TS2322: Type '{ workOrder: WorkOrder; customer: Customer | null; vehicle: Vehicle | null; }' is not assignable to type 'IntrinsicAttributes'.
  Property 'workOrder' does not exist on type 'IntrinsicAttributes'.
src/pages/WorkOrderDetailsEnhanced.tsx(923,21): error TS2322: Type '{ workOrder: WorkOrder; location: Location | null; allLocations: Location[]; handleUpdateWorkOrder: (updates: Partial<WorkOrder>) => void; handleLocationSelect: (selectedLoc: { ...; }) => void; showInteractiveMap: boolean; setShowInteractiveMap: Dispatch<...>; }' is not assignable to type 'IntrinsicAttributes'.
  Property 'workOrder' does not exist on type 'IntrinsicAttributes'.
src/pages/WorkOrderDetailsEnhanced.tsx(977,21): error TS7006: Parameter 'technicianId' implicitly has an 'any' type.
src/pages/WorkOrderDetailsEnhanced.tsx(995,27): error TS7006: Parameter 'bikeId' implicitly has an 'any' type.
src/pages/WorkOrderDetailsEnhanced.tsx(995,35): error TS7006: Parameter 'notes' implicitly has an 'any' type.
src/pages/WorkOrders.tsx(18,3): error TS6133: 'Select' is declared but its value is never read.
src/pages/WorkOrders.tsx(22,3): error TS6133: 'Flex' is declared but its value is never read.
src/pages/WorkOrders.tsx(23,3): error TS6133: 'Divider' is declared but its value is never read.
src/pages/WorkOrders.tsx(24,3): error TS6133: 'Tooltip' is declared but its value is never read.
src/pages/WorkOrders.tsx(50,31): error TS6133: 'GroupByOption' is declared but its value is never read.
src/pages/WorkOrders.tsx(58,1): error TS6133: 'WorkOrderProgressTimeline' is declared but its value is never read.
src/pages/WorkOrders.tsx(58,39): error TS2307: Cannot find module '@/components/WorkOrderProgressTimeline' or its corresponding type declarations.
src/pages/WorkOrders.tsx(82,10): error TS6133: 'isDiagnosisWizardOpen' is declared but its value is never read.
src/pages/WorkOrders.tsx(82,33): error TS6133: 'setIsDiagnosisWizardOpen' is declared but its value is never read.
src/pages/WorkOrders.tsx(83,10): error TS6133: 'isFormDialogOpen' is declared but its value is never read.
src/pages/WorkOrders.tsx(84,10): error TS6133: 'editingWorkOrder' is declared but its value is never read.
src/pages/WorkOrders.tsx(85,10): error TS6133: 'prefillData' is declared but its value is never read.
src/pages/WorkOrders.tsx(97,10): error TS6133: 'bulkActionsOpened' is declared but its value is never read.
src/pages/WorkOrders.tsx(97,29): error TS6133: 'toggleBulkActions' is declared but its value is never read.
src/pages/WorkOrders.tsx(142,34): error TS6133: 'showError' is declared but its value is never read.
src/pages/WorkOrders.tsx(147,19): error TS6133: 'hookStatusFilter' is declared but its value is never read.
src/pages/WorkOrders.tsx(148,21): error TS6133: 'hookPriorityFilter' is declared but its value is never read.
src/pages/WorkOrders.tsx(149,23): error TS6133: 'hookTechnicianFilter' is declared but its value is never read.
src/pages/WorkOrders.tsx(150,5): error TS6133: 'channelFilter' is declared but its value is never read.
src/pages/WorkOrders.tsx(151,5): error TS6133: 'groupBy' is declared but its value is never read.
src/pages/WorkOrders.tsx(153,22): error TS6133: 'setHookStatusFilter' is declared but its value is never read.
src/pages/WorkOrders.tsx(154,24): error TS6133: 'setHookPriorityFilter' is declared but its value is never read.
src/pages/WorkOrders.tsx(155,26): error TS6133: 'setHookTechnicianFilter' is declared but its value is never read.
src/pages/WorkOrders.tsx(156,5): error TS6133: 'setChannelFilter' is declared but its value is never read.
src/pages/WorkOrders.tsx(157,5): error TS6133: 'setGroupBy' is declared but its value is never read.
src/pages/WorkOrders.tsx(159,5): error TS6133: 'kanbanColumns' is declared but its value is never read.
src/pages/WorkOrders.tsx(160,5): error TS6133: 'groupByField' is declared but its value is never read.
src/pages/WorkOrders.tsx(167,5): error TS6133: 'bulkAssign' is declared but its value is never read.
src/pages/WorkOrders.tsx(242,9): error TS6133: 'handleSave' is declared but its value is never read.
src/pages/WorkOrders.tsx(269,9): error TS6133: 'handleSaveOnHoldReason' is declared but its value is never read.
src/pages/WorkOrders.tsx(390,9): error TS6133: 'handleVisibleColumnsChange' is declared but its value is never read.
src/pages/WorkOrders.tsx(410,9): error TS2322: Type 'number' is not assignable to type '"xs" | "sm" | "md" | "lg" | "xl" | undefined'.
src/pages/WorkOrders.tsx(421,18): error TS2322: Type '"space-between"' is not assignable to type '"start" | "center" | "end" | "between" | "around" | undefined'.
src/pages/WorkOrders.tsx(421,42): error TS2322: Type '"flex-start"' is not assignable to type '"start" | "center" | "end" | "stretch" | undefined'.
src/pages/WorkOrders.tsx(437,17): error TS2322: Type '{ children: "Open" | "Confirmation" | "On Hold" | "Ready" | "In Progress" | "Completed" | null; color: "blue" | "green" | "orange" | "red" | "yellow"; variant: "light"; leftSection: Element; }' is not assignable to type 'IntrinsicAttributes & BadgeProps'.
  Property 'leftSection' does not exist on type 'IntrinsicAttributes & BadgeProps'.
src/pages/WorkOrders.tsx(438,40): error TS2322: Type '"blue" | "green" | "orange" | "red" | "yellow"' is not assignable to type '"blue" | "gray" | "green" | "red" | "yellow" | "primary" | undefined'.
  Type '"orange"' is not assignable to type '"blue" | "gray" | "green" | "red" | "yellow" | "primary" | undefined'.
src/pages/WorkOrders.tsx(438,78): error TS2322: Type '"transparent"' is not assignable to type '"light" | "filled" | "outline" | undefined'.
src/pages/WorkOrders.tsx(439,72): error TS2322: Type '{ icon: "tabler:clock" | "tabler:circle-dot" | "tabler:check-circle" | "tabler:pause-circle" | "tabler:x-circle"; size: number; }' is not assignable to type 'IntrinsicAttributes & IconifyElementProps & IconifyIconProps'.
  Property 'size' does not exist on type 'IntrinsicAttributes & IconifyElementProps & IconifyIconProps'.
src/pages/WorkOrders.tsx(465,43): error TS2322: Type '{ icon: string; size: number; }' is not assignable to type 'IntrinsicAttributes & IconifyElementProps & IconifyIconProps'.
  Property 'size' does not exist on type 'IntrinsicAttributes & IconifyElementProps & IconifyIconProps'.
src/pages/WorkOrders.tsx(484,44): error TS2322: Type '{ icon: string; size: number; }' is not assignable to type 'IntrinsicAttributes & IconifyElementProps & IconifyIconProps'.
  Property 'size' does not exist on type 'IntrinsicAttributes & IconifyElementProps & IconifyIconProps'.
src/pages/WorkOrders.tsx(498,44): error TS2322: Type '{ icon: string; size: number; }' is not assignable to type 'IntrinsicAttributes & IconifyElementProps & IconifyIconProps'.
  Property 'size' does not exist on type 'IntrinsicAttributes & IconifyElementProps & IconifyIconProps'.
src/pages/WorkOrders.tsx(512,47): error TS2322: Type '{ icon: string; size: number; }' is not assignable to type 'IntrinsicAttributes & IconifyElementProps & IconifyIconProps'.
  Property 'size' does not exist on type 'IntrinsicAttributes & IconifyElementProps & IconifyIconProps'.
src/pages/WorkOrders.tsx(525,18): error TS2322: Type '"space-between"' is not assignable to type '"start" | "center" | "end" | "between" | "around" | undefined'.
src/pages/WorkOrders.tsx(527,44): error TS2322: Type '{ icon: string; size: number; }' is not assignable to type 'IntrinsicAttributes & IconifyElementProps & IconifyIconProps'.
  Property 'size' does not exist on type 'IntrinsicAttributes & IconifyElementProps & IconifyIconProps'.
src/pages/WorkOrders.tsx(544,42): error TS2322: Type '{ icon: string; size: number; }' is not assignable to type 'IntrinsicAttributes & IconifyElementProps & IconifyIconProps'.
  Property 'size' does not exist on type 'IntrinsicAttributes & IconifyElementProps & IconifyIconProps'.
src/pages/WorkOrders.tsx(554,55): error TS2322: Type '{ icon: string; size: number; }' is not assignable to type 'IntrinsicAttributes & IconifyElementProps & IconifyIconProps'.
  Property 'size' does not exist on type 'IntrinsicAttributes & IconifyElementProps & IconifyIconProps'.
src/pages/WorkOrders.tsx(559,58): error TS2322: Type '{ icon: string; size: number; }' is not assignable to type 'IntrinsicAttributes & IconifyElementProps & IconifyIconProps'.
  Property 'size' does not exist on type 'IntrinsicAttributes & IconifyElementProps & IconifyIconProps'.
src/pages/WorkOrders.tsx(565,59): error TS2322: Type '{ icon: string; size: number; }' is not assignable to type 'IntrinsicAttributes & IconifyElementProps & IconifyIconProps'.
  Property 'size' does not exist on type 'IntrinsicAttributes & IconifyElementProps & IconifyIconProps'.
src/pages/WorkOrders.tsx(575,60): error TS2322: Type '{ icon: string; size: number; }' is not assignable to type 'IntrinsicAttributes & IconifyElementProps & IconifyIconProps'.
  Property 'size' does not exist on type 'IntrinsicAttributes & IconifyElementProps & IconifyIconProps'.
src/pages/WorkOrders.tsx(624,38): error TS2322: Type 'number' is not assignable to type '"xs" | "sm" | "md" | "lg" | "xl" | undefined'.
src/pages/WorkOrders.tsx(627,50): error TS2322: Type '{ icon: string; size: number; }' is not assignable to type 'IntrinsicAttributes & IconifyElementProps & IconifyIconProps'.
  Property 'size' does not exist on type 'IntrinsicAttributes & IconifyElementProps & IconifyIconProps'.
src/pages/WorkOrders.tsx(633,58): error TS2322: Type '{ children: string; c: string; size: "sm"; ta: "center"; maw: number; }' is not assignable to type 'IntrinsicAttributes & TextProps'.
  Property 'maw' does not exist on type 'IntrinsicAttributes & TextProps'.
src/pages/WorkOrders.tsx(643,23): error TS2322: Type '{ children: string; variant: "light"; size: "sm"; leftSection: Element; onClick: () => void; mt: string; }' is not assignable to type 'IntrinsicAttributes & ButtonProps'.
  Property 'leftSection' does not exist on type 'IntrinsicAttributes & ButtonProps'.
src/pages/WorkOrders.tsx(643,58): error TS2322: Type '{ icon: string; size: number; }' is not assignable to type 'IntrinsicAttributes & IconifyElementProps & IconifyIconProps'.
  Property 'size' does not exist on type 'IntrinsicAttributes & IconifyElementProps & IconifyIconProps'.
src/pages/WorkOrders.tsx(656,46): error TS2322: Type '{ base: number; sm: number; lg: number; }' is not assignable to type 'number'.
src/pages/WorkOrders.tsx(672,7): error TS2322: Type '{ children: string; variant: "filled"; leftSection: Element; onClick: () => void; className: string; }' is not assignable to type 'IntrinsicAttributes & ButtonProps'.
  Property 'leftSection' does not exist on type 'IntrinsicAttributes & ButtonProps'.
src/pages/WorkOrders.tsx(687,11): error TS2322: Type 'Element' is not assignable to type 'string'.
src/pages/WorkOrders.tsx(691,47): error TS2322: Type '{ children: string; size: "sm"; variant: "default"; radius: string; onClick: () => void; mt: string; }' is not assignable to type 'IntrinsicAttributes & ButtonProps'.
  Property 'radius' does not exist on type 'IntrinsicAttributes & ButtonProps'.
src/pages/WorkOrders.tsx(704,32): error TS2322: Type 'number' is not assignable to type '"xs" | "sm" | "md" | "lg" | "xl" | "full" | undefined'.
src/pages/WorkOrders.tsx(705,39): error TS2322: Type 'number' is not assignable to type '"xs" | "sm" | "md" | "lg" | "xl" | "full" | undefined'.
src/pages/WorkOrders.tsx(706,51): error TS2322: Type 'number' is not assignable to type '"xs" | "sm" | "md" | "lg" | "xl" | "full" | undefined'.
src/pages/WorkOrders.tsx(707,39): error TS2322: Type 'number' is not assignable to type '"xs" | "sm" | "md" | "lg" | "xl" | "full" | undefined'.
src/pages/WorkOrders.tsx(708,39): error TS2322: Type 'number' is not assignable to type '"xs" | "sm" | "md" | "lg" | "xl" | "full" | undefined'.
src/pages/WorkOrders.tsx(709,51): error TS2322: Type 'number' is not assignable to type '"xs" | "sm" | "md" | "lg" | "xl" | "full" | undefined'.
src/pages/WorkOrders.tsx(710,39): error TS2322: Type 'number' is not assignable to type '"xs" | "sm" | "md" | "lg" | "xl" | "full" | undefined'.
src/pages/WorkOrders.tsx(711,39): error TS2322: Type 'number' is not assignable to type '"xs" | "sm" | "md" | "lg" | "xl" | "full" | undefined'.
src/pages/WorkOrders.tsx(712,51): error TS2322: Type 'number' is not assignable to type '"xs" | "sm" | "md" | "lg" | "xl" | "full" | undefined'.
src/pages/WorkOrders.tsx(713,39): error TS2322: Type 'number' is not assignable to type '"xs" | "sm" | "md" | "lg" | "xl" | "full" | undefined'.
src/pages/WorkOrders.tsx(730,28): error TS2322: Type '{ children: Element; size: "xl"; py: string; }' is not assignable to type 'IntrinsicAttributes & ContainerProps'.
  Property 'py' does not exist on type 'IntrinsicAttributes & ContainerProps'.
src/pages/WorkOrders.tsx(733,36): error TS2322: Type 'number' is not assignable to type '"xs" | "sm" | "md" | "lg" | "xl" | undefined'.
src/pages/WorkOrders.tsx(736,22): error TS2322: Type '"space-between"' is not assignable to type '"start" | "center" | "end" | "between" | "around" | undefined'.
src/pages/WorkOrders.tsx(736,46): error TS2322: Type '"flex-start"' is not assignable to type '"start" | "center" | "end" | "stretch" | undefined'.
src/pages/WorkOrders.tsx(738,36): error TS2322: Type '{ children: string; order: 1; size: string; mb: number; }' is not assignable to type 'IntrinsicAttributes & TitleProps'.
  Property 'size' does not exist on type 'IntrinsicAttributes & TitleProps'.
src/pages/WorkOrders.tsx(742,67): error TS2322: Type 'number' is not assignable to type '"xs" | "sm" | "md" | "lg" | "xl" | "full" | undefined'.
src/pages/WorkOrders.tsx(746,71): error TS2322: Type 'number' is not assignable to type '"xs" | "sm" | "md" | "lg" | "xl" | "full" | undefined'.
src/pages/WorkOrders.tsx(751,46): error TS2322: Type '"grape"' is not assignable to type '"blue" | "gray" | "green" | "orange" | "red" | "yellow" | "primary" | undefined'.
src/pages/WorkOrders.tsx(751,70): error TS2322: Type 'number' is not assignable to type '"xs" | "sm" | "md" | "lg" | "xl" | "full" | undefined'.
src/pages/WorkOrders.tsx(762,21): error TS2322: Type '{ children: string; variant: "light"; size: "sm"; leftSection: Element; onClick: () => void; disabled: boolean; }' is not assignable to type 'IntrinsicAttributes & ButtonProps'.
  Property 'leftSection' does not exist on type 'IntrinsicAttributes & ButtonProps'.
src/pages/WorkOrders.tsx(762,63): error TS2322: Type '{ icon: string; size: number; }' is not assignable to type 'IntrinsicAttributes & IconifyElementProps & IconifyIconProps'.
  Property 'size' does not exist on type 'IntrinsicAttributes & IconifyElementProps & IconifyIconProps'.
src/pages/WorkOrders.tsx(771,21): error TS2322: Type '{ children: string; variant: "light" | "filled"; size: "sm"; leftSection: Element; onClick: () => void; }' is not assignable to type 'IntrinsicAttributes & ButtonProps'.
  Property 'leftSection' does not exist on type 'IntrinsicAttributes & ButtonProps'.
src/pages/WorkOrders.tsx(771,61): error TS2322: Type '{ icon: string; size: number; }' is not assignable to type 'IntrinsicAttributes & IconifyElementProps & IconifyIconProps'.
  Property 'size' does not exist on type 'IntrinsicAttributes & IconifyElementProps & IconifyIconProps'.
src/pages/WorkOrders.tsx(778,21): error TS2322: Type '{ children: string; variant: "filled"; leftSection: Element; onClick: () => void; }' is not assignable to type 'IntrinsicAttributes & ButtonProps'.
  Property 'leftSection' does not exist on type 'IntrinsicAttributes & ButtonProps'.
src/pages/WorkOrders.tsx(778,59): error TS2322: Type '{ icon: string; size: number; }' is not assignable to type 'IntrinsicAttributes & IconifyElementProps & IconifyIconProps'.
  Property 'size' does not exist on type 'IntrinsicAttributes & IconifyElementProps & IconifyIconProps'.
src/pages/WorkOrders.tsx(789,57): error TS2322: Type '{ icon: string; size: number; }' is not assignable to type 'IntrinsicAttributes & IconifyElementProps & IconifyIconProps'.
  Property 'size' does not exist on type 'IntrinsicAttributes & IconifyElementProps & IconifyIconProps'.
src/pages/WorkOrders.tsx(798,45): error TS2322: Type '{ icon: string; size: number; }' is not assignable to type 'IntrinsicAttributes & IconifyElementProps & IconifyIconProps'.
  Property 'size' does not exist on type 'IntrinsicAttributes & IconifyElementProps & IconifyIconProps'.
src/pages/WorkOrders.tsx(809,33): error TS2322: Type '{ children: (false | "" | Element)[]; gap: "sm"; pt: string; }' is not assignable to type 'IntrinsicAttributes & StackProps'.
  Property 'pt' does not exist on type 'IntrinsicAttributes & StackProps'.
src/pages/WorkOrders.tsx(811,31): error TS2322: Type '{ base: number; sm: number; md: number; }' is not assignable to type 'number'.
src/pages/WorkOrders.tsx(821,31): error TS2322: Type '{ base: number; sm: number; md: number; }' is not assignable to type 'number'.
src/pages/WorkOrders.tsx(831,31): error TS2322: Type '{ base: number; sm: number; md: number; }' is not assignable to type 'number'.
src/pages/WorkOrders.tsx(842,31): error TS2322: Type '{ base: number; sm: number; md: number; }' is not assignable to type 'number'.
src/pages/WorkOrders.tsx(856,28): error TS2322: Type '"space-between"' is not assignable to type '"start" | "center" | "end" | "between" | "around" | undefined'.
src/pages/WorkOrders.tsx(863,25): error TS2322: Type '{ children: string; variant: "subtle"; size: "xs"; leftSection: Element; onClick: () => void; }' is not assignable to type 'IntrinsicAttributes & ButtonProps'.
  Property 'leftSection' does not exist on type 'IntrinsicAttributes & ButtonProps'.
src/pages/WorkOrders.tsx(863,60): error TS2322: Type '{ icon: string; size: number; }' is not assignable to type 'IntrinsicAttributes & IconifyElementProps & IconifyIconProps'.
  Property 'size' does not exist on type 'IntrinsicAttributes & IconifyElementProps & IconifyIconProps'.
src/pages/WorkOrders.tsx(880,23): error TS2322: Type 'number' is not assignable to type '"xs" | "sm" | "md" | "lg" | "xl" | undefined'.
src/pages/WorkOrders.tsx(887,30): error TS2322: Type '"space-between"' is not assignable to type '"start" | "center" | "end" | "between" | "around" | undefined'.
src/pages/WorkOrders.tsx(890,55): error TS2322: Type '{ icon: string; size: number; }' is not assignable to type 'IntrinsicAttributes & IconifyElementProps & IconifyIconProps'.
  Property 'size' does not exist on type 'IntrinsicAttributes & IconifyElementProps & IconifyIconProps'.
src/pages/WorkOrders.tsx(909,58): error TS2322: Type '"blue" | "green" | "orange" | "red" | "yellow"' is not assignable to type '"blue" | "gray" | "green" | "red" | "yellow" | "primary" | undefined'.
  Type '"orange"' is not assignable to type '"blue" | "gray" | "green" | "red" | "yellow" | "primary" | undefined'.
src/pages/WorkOrders.tsx(910,110): error TS2322: Type '{ icon: "tabler:clock" | "tabler:circle-dot" | "tabler:check-circle" | "tabler:pause-circle" | "tabler:x-circle"; size: number; }' is not assignable to type 'IntrinsicAttributes & IconifyElementProps & IconifyIconProps'.
  Property 'size' does not exist on type 'IntrinsicAttributes & IconifyElementProps & IconifyIconProps'.
src/pages/WorkOrders.tsx(932,45): error TS2322: Type 'string | null' is not assignable to type 'string | undefined'.
  Type 'null' is not assignable to type 'string | undefined'.
src/pages/WorkOrders.tsx(948,29): error TS2322: Type '{ children: string; size: "xs"; variant: "light"; color: "red"; leftSection: Element; onClick: () => void; }' is not assignable to type 'IntrinsicAttributes & ButtonProps'.
  Property 'leftSection' does not exist on type 'IntrinsicAttributes & ButtonProps'.
src/pages/WorkOrders.tsx(948,68): error TS2322: Type '{ icon: string; size: number; }' is not assignable to type 'IntrinsicAttributes & IconifyElementProps & IconifyIconProps'.
  Property 'size' does not exist on type 'IntrinsicAttributes & IconifyElementProps & IconifyIconProps'.
src/pages/WorkOrders.tsx(960,51): error TS2322: Type '{ icon: string; size: number; }' is not assignable to type 'IntrinsicAttributes & IconifyElementProps & IconifyIconProps'.
  Property 'size' does not exist on type 'IntrinsicAttributes & IconifyElementProps & IconifyIconProps'.
src/pages/WorkOrders.tsx(976,15): error TS2322: Type '{ children: (Element | Element[])[]; defaultValue: string; value: WorkOrderView; onChange: (value: any) => void; }' is not assignable to type 'IntrinsicAttributes & TabsProps'.
  Property 'onChange' does not exist on type 'IntrinsicAttributes & TabsProps'.
src/pages/WorkOrders.tsx(976,26): error TS7006: Parameter 'value' implicitly has an 'any' type.
src/pages/WorkOrders.tsx(986,27): error TS2322: Type '{ children: Element[]; position: string; withinPortal: true; closeOnItemClick: boolean; }' is not assignable to type 'IntrinsicAttributes & MenuProps'.
  Property 'position' does not exist on type 'IntrinsicAttributes & MenuProps'.
src/pages/WorkOrders.tsx(988,33): error TS2322: Type '{ children: string; leftSection: Element; variant: "default"; radius: string; size: "sm"; }' is not assignable to type 'IntrinsicAttributes & ButtonProps'.
  Property 'leftSection' does not exist on type 'IntrinsicAttributes & ButtonProps'.
src/pages/WorkOrders.tsx(991,31): error TS2322: Type '{ children: Element; padding: string; style: { width: number; border: string; boxShadow: "none"; }; }' is not assignable to type 'IntrinsicAttributes & CardProps'.
  Property 'padding' does not exist on type 'IntrinsicAttributes & CardProps'.
src/pages/WorkOrders.tsx(992,37): error TS2339: Property 'Group' does not exist on type 'ForwardRefExoticComponent<CheckboxProps & RefAttributes<HTMLInputElement>>'.
src/pages/WorkOrders.tsx(994,40): error TS7006: Parameter 'vals' implicitly has an 'any' type.
src/pages/WorkOrders.tsx(1001,38): error TS2339: Property 'Group' does not exist on type 'ForwardRefExoticComponent<CheckboxProps & RefAttributes<HTMLInputElement>>'.
src/providers/ErrorProvider.tsx(38,3): error TS6133: 'maxRetries' is declared but its value is never read.
src/theme/index.ts(6,48): error TS2307: Cannot find module './modern-mantine-theme' or its corresponding type declarations.
src/theme/index.ts(17,8): error TS2307: Cannot find module './colors' or its corresponding type declarations.
src/theme/index.ts(20,35): error TS2307: Cannot find module './variants' or its corresponding type declarations.
src/theme/index.ts(23,44): error TS2307: Cannot find module './tokens' or its corresponding type declarations.
src/theme/index.ts(38,8): error TS2307: Cannot find module './spacing' or its corresponding type declarations.
src/theme/index.ts(55,8): error TS2307: Cannot find module './utils' or its corresponding type declarations.
src/theme/index.ts(67,8): error TS2307: Cannot find module './utils' or its corresponding type declarations.
src/theme/index.ts(70,30): error TS2307: Cannot find module './mantine' or its corresponding type declarations.
src/theme/index.ts(71,31): error TS2307: Cannot find module './enhanced-theme' or its corresponding type declarations.
src/utils/__tests__/performance.test.ts(8,8): error TS2307: Cannot find module '../performance' or its corresponding type declarations.
src/utils/__tests__/performance.test.ts(172,8): error TS7006: Parameter 'a' implicitly has an 'any' type.
src/utils/__tests__/performance.test.ts(172,11): error TS7006: Parameter 'b' implicitly has an 'any' type.
src/utils/accessibility-testing.ts(21,7): error TS2304: Cannot find name 'expect'.
src/utils/accessibility-testing.ts(23,7): error TS2304: Cannot find name 'expect'.
src/utils/accessibility-testing.ts(40,3): error TS2304: Cannot find name 'expect'.
src/utils/accessibility-testing.ts(48,3): error TS2304: Cannot find name 'expect'.
src/utils/accessibility-testing.ts(59,5): error TS2304: Cannot find name 'expect'.
src/utils/accessibility-testing.ts(114,3): error TS2304: Cannot find name 'expect'.
src/utils/accessibility-testing.ts(123,3): error TS2304: Cannot find name 'expect'.
src/utils/accessibility-testing.ts(139,3): error TS2304: Cannot find name 'expect'.
src/utils/accessibility-testing.ts(140,3): error TS2304: Cannot find name 'expect'.
src/utils/accessibility-testing.ts(205,3): error TS2304: Cannot find name 'expect'.
src/utils/accessibility-testing.ts(208,5): error TS2304: Cannot find name 'expect'.
src/utils/accessibility-testing.ts(226,7): error TS18048: 'inputElement.labels.length' is possibly 'undefined'.
src/utils/accessibility-testing.ts(230,5): error TS2304: Cannot find name 'expect'.
src/utils/accessibility-testing.ts(252,3): error TS2304: Cannot find name 'expect'.
src/utils/accessibility-testing.ts(259,5): error TS2304: Cannot find name 'expect'.
src/utils/accessibility-testing.ts(284,3): error TS2304: Cannot find name 'expect'.
src/utils/bundleOptimization.ts(87,29): error TS2307: Cannot find module '@/pages/Dashboard' or its corresponding type declarations.
src/utils/bundleOptimization.ts(91,29): error TS2307: Cannot find module '@/pages/Customers' or its corresponding type declarations.
src/utils/bundleOptimization.ts(92,29): error TS2307: Cannot find module '@/pages/Locations' or its corresponding type declarations.
src/utils/bundleOptimization.ts(93,29): error TS2307: Cannot find module '@/pages/Inventory' or its corresponding type declarations.
src/utils/bundleOptimization.ts(94,28): error TS2307: Cannot find module '@/pages/Calendar' or its corresponding type declarations.
src/utils/bundleOptimization.ts(95,29): error TS2307: Cannot find module '@/pages/Analytics' or its corresponding type declarations.
src/utils/bundleOptimization.ts(102,34): error TS2307: Cannot find module '@/components/tables/ModernWorkOrderDataTable' or its corresponding type declarations.
src/utils/bundleOptimization.ts(107,26): error TS2307: Cannot find module '@/components/charts' or its corresponding type declarations.
src/utils/bundleOptimization.ts(110,25): error TS2307: Cannot find module '@/components/forms' or its corresponding type declarations.
src/utils/bundleOptimization.ts(113,24): error TS2307: Cannot find module '@/components/maps' or its corresponding type declarations.
src/utils/bundleOptimization.ts(116,28): error TS2307: Cannot find module '@/components/calendar' or its corresponding type declarations.
src/utils/bundleOptimization.ts(121,31): error TS2307: Cannot find module '@/features/diagnostics' or its corresponding type declarations.
src/utils/bundleOptimization.ts(122,27): error TS2307: Cannot find module '@/features/routing' or its corresponding type declarations.
src/utils/bundleOptimization.ts(123,32): error TS2307: Cannot find module '@/features/costTracking' or its corresponding type declarations.
src/utils/bundleOptimization.ts(124,36): error TS2307: Cannot find module '@/features/resourcePlanning' or its corresponding type declarations.
src/utils/bundleOptimization.ts(144,43): error TS2307: Cannot find module '@mantine/core' or its corresponding type declarations.
src/utils/bundleOptimization.ts(145,44): error TS2307: Cannot find module '@mantine/hooks' or its corresponding type declarations.
src/utils/bundleOptimization.ts(146,48): error TS2307: Cannot find module 'mantine-datatable' or its corresponding type declarations.
src/utils/bundleOptimization.ts(184,19): error TS2307: Cannot find module '@mantine/core' or its corresponding type declarations.
src/utils/bundleOptimization.ts(192,31): error TS2307: Cannot find module 'mantine-datatable' or its corresponding type declarations.
src/utils/bundleOptimization.ts(194,42): error TS7016: Could not find a declaration file for module 'react-big-calendar'. 'C:/Users/BODAWERK/Documents/Development/warp projects/gogo_cmms/node_modules/react-big-calendar/lib/index.js' implicitly has an 'any' type.
  Try `npm i --save-dev @types/react-big-calendar` if it exists or add a new declaration (.d.ts) file containing `declare module 'react-big-calendar';`
src/utils/distance.ts(214,22): error TS2345: Argument of type 'string | undefined' is not assignable to parameter of type 'string'.
  Type 'undefined' is not assignable to type 'string'.
src/utils/haptic.ts(38,7): error TS6133: 'REDUCED_PATTERNS' is declared but its value is never read.
src/utils/index.ts(2,15): error TS2307: Cannot find module './performance' or its corresponding type declarations.
src/utils/index.ts(15,8): error TS2307: Cannot find module './performance' or its corresponding type declarations.
src/utils/invoicePdfGenerator.ts(520,9): error TS6133: 'company' is declared but its value is never read.
src/utils/performanceAuditor.ts(58,11): error TS6133: 'observer' is declared but its value is never read.
src/utils/performanceInit.ts(184,76): error TS2339: Property 'navigationStart' does not exist on type 'PerformanceNavigationTiming'.
src/utils/routePlanning.ts(1,42): error TS6133: 'calculateRouteDistance' is declared but its value is never read.
src/utils/routePlanning.ts(278,9): error TS6133: 'isMac' is declared but its value is never read.
src/utils/routePlanning.ts(302,9): error TS6133: 'isAndroid' is declared but its value is never read.
src/utils/routePlanning.ts(374,3): error TS6133: 'result' is declared but its value is never read.
